
--- Job MORITS_split.gms Start 08/02/18 22:29:02 24.7.4 r58773 WEX-WEI x86 64bit/MS Windows
GAMS 24.7.4   Copyright (C) 1987-2016 GAMS Development. All rights reserved
Licensee: Course License Energy Informatics Computer BaseS180601:0449AO-GEN
          Humboldt-Universitaet zu Berlin, WirtschaftswissenschaftliDC14161
          License for teaching and research at degree granting institutions
          License Admin: Olga Spiridonova, spiridoo@cms.hu-berlin.de       
--- Starting compilation
--- MORITS_split.gms(216) 3 Mb
--- call gdxxrw upload_data_split.xlsx @temp.tmp o=Data_input_split

GDXXRW           24.7.4 r58773 Released Sep 19, 2016 VS8 x86 32bit/MS Windows 
Input file : C:\Users\Lenovo\Documents\GitHub\dolores\original\Split up res\upload_data_split.xlsx
Output file: C:\Users\Lenovo\Documents\GitHub\dolores\original\Split up res\Data_input_split.gdx
Total time = 16625 Ms
--- MORITS_split.gms(217) 3 Mb
--- GDXin=C:\Users\Lenovo\Documents\GitHub\dolores\original\Split up res\Data_input_split.gdx
--- MORITS_split.gms(810) 6 Mb
--- Starting execution: elapsed 0:00:16.862
--- MORITS_split.gms(610) 7 Mb
---
--- collecting and writing gdx file 
---
--- Generating LP model morits_min_cost_all
--- MORITS_split.gms(610) 32 Mb
---   78,842 rows  78,848 columns  284,820 non-zeroes
---   0 nl-code  0 nl-non-zeroes
--- MORITS_split.gms(610) 30 Mb
--- Executing CPLEX: elapsed 0:00:20.674

GUSS             24.7.4 r58773 Released Sep 19, 2016 WEI x86 64bit/MS Windows 
Reading parameter(s) from scenario dictionary
>>  Logoption 2
>>  Optfile 1
>>  Skipbasecase 1
--- Scenario Variable with potential updates identified: phi_min_res

IBM ILOG CPLEX   24.7.4 r58773 Released Sep 19, 2016 WEI x86 64bit/MS Windows 
--- GAMS/Cplex licensed for continuous and discrete problems.
Cplex 12.6.3.0

Reading parameter(s) from "C:\Users\Lenovo\Documents\GitHub\dolores\original\Split up res\cplex.opt"
>>  lpmethod 4
>>  threads 4
>>  epgap 1e-3
>>  epagap 10
>>  parallelmode -1
Finished reading from "C:\Users\Lenovo\Documents\GitHub\dolores\original\Split up res\cplex.opt"
Reading data...
Starting Cplex...
Space for names approximately 4.89 Mb
Use option 'names no' to turn use of names off
Tried aggregator 1 time.
LP Presolve eliminated 8534 rows and 26054 columns.
Aggregator did 4110 substitutions.
Reduced LP has 66198 rows, 48684 columns, and 217424 nonzeros.
Presolve time = 0.11 sec. (68.53 ticks)
Parallel mode: using up to 4 threads for barrier.

***NOTE: Found 6 dense columns.

Number of nonzeros in lower triangle of A*A' = 202229
Using Approximate Minimum Degree ordering
Total time for automatic ordering = 0.06 sec. (19.49 ticks)
Summary statistics for Cholesky factor:
  Threads                   = 4
  Rows in Factor            = 66204
  Integer space required    = 151656
  Total non-zeros in factor = 771658
  Total FP ops to factor    = 10794342
 Itn      Primal Obj        Dual Obj  Prim Inf Upper Inf  Dual Inf Inf Ratio
   0  5.6525047e+012  0.0000000e+000 6.41e+011 0.00e+000 1.23e+010 1.00e+000
   1  6.7289504e+010  4.6098280e+010 2.49e+009 0.00e+000 3.54e+007 1.22e-009
   2  3.8608805e+010  3.8038436e+010 1.89e+008 0.00e+000 5.46e+006 2.77e-009
   3  3.2272089e+010  3.3437704e+010 1.02e+008 0.00e+000 3.56e+006 4.65e-009
   4  3.0680743e+010  3.2026696e+010 7.63e+007 0.00e+000 2.89e+006 6.12e-009
   5  2.9786940e+010  2.9545640e+010 6.13e+007 0.00e+000 1.68e+006 1.07e-008
   6  2.8477400e+010  2.7687397e+010 4.09e+007 0.00e+000 8.35e+005 2.38e-008
   7  2.7852841e+010  2.6784500e+010 3.22e+007 0.00e+000 4.89e+005 4.95e-008
   8  2.7333755e+010  2.6640204e+010 2.53e+007 0.00e+000 4.37e+005 5.80e-008
   9  2.6962841e+010  2.6201973e+010 2.02e+007 0.00e+000 2.72e+005 1.11e-007
  10  2.6716802e+010  2.6011095e+010 1.69e+007 0.00e+000 2.02e+005 1.65e-007
  11  2.6714409e+010  2.6029343e+010 1.66e+007 0.00e+000 1.96e+005 1.72e-007
  12  2.6376741e+010  2.5994101e+010 1.13e+007 0.00e+000 1.77e+005 1.99e-007
  13  2.6289028e+010  2.5931382e+010 9.92e+006 0.00e+000 1.43e+005 2.66e-007
  14  2.6106056e+010  2.5907247e+010 7.15e+006 0.00e+000 1.31e+005 3.02e-007
  15  2.6060333e+010  2.5893020e+010 6.34e+006 0.00e+000 1.22e+005 3.32e-007
  16  2.6002205e+010  2.5888343e+010 5.26e+006 0.00e+000 1.19e+005 3.45e-007
  17  2.5896132e+010  2.5844136e+010 3.57e+006 0.00e+000 9.47e+004 4.74e-007
  18  2.5860308e+010  2.5839793e+010 2.90e+006 0.00e+000 9.17e+004 4.96e-007
  19  2.5819284e+010  2.5816040e+010 2.24e+006 0.00e+000 7.83e+004 6.16e-007
  20  2.5808808e+010  2.5809135e+010 2.09e+006 0.00e+000 7.47e+004 6.57e-007
  21  2.5809633e+010  2.5809960e+010 2.09e+006 0.00e+000 7.45e+004 6.58e-007
  22  2.5807632e+010  2.5805829e+010 2.06e+006 0.00e+000 7.28e+004 6.79e-007
  23  2.5790932e+010  2.5792426e+010 1.81e+006 0.00e+000 6.55e+004 7.82e-007
  24  2.5779608e+010  2.5785748e+010 1.66e+006 0.00e+000 6.23e+004 8.36e-007
  25  2.5755952e+010  2.5783116e+010 1.28e+006 0.00e+000 6.08e+004 8.67e-007
  26  2.5738017e+010  2.5762165e+010 1.03e+006 0.00e+000 5.04e+004 1.12e-006
  27  2.5736672e+010  2.5761903e+010 9.50e+005 0.00e+000 5.00e+004 1.13e-006
  28  2.5719566e+010  2.5743750e+010 7.50e+005 0.00e+000 4.15e+004 1.46e-006
  29  2.5707778e+010  2.5739882e+010 6.16e+005 0.00e+000 3.98e+004 1.55e-006
  30  2.5694250e+010  2.5728803e+010 4.66e+005 0.00e+000 3.48e+004 1.86e-006
  31  2.5689227e+010  2.5711733e+010 4.14e+005 0.00e+000 2.73e+004 2.59e-006
  32  2.5689586e+010  2.5711980e+010 4.12e+005 0.00e+000 2.72e+004 2.61e-006
  33  2.5688185e+010  2.5710757e+010 4.08e+005 0.00e+000 2.69e+004 2.64e-006
  34  2.5683648e+010  2.5708471e+010 3.64e+005 0.00e+000 2.60e+004 2.77e-006
  35  2.5677585e+010  2.5700190e+010 3.02e+005 0.00e+000 2.24e+004 3.38e-006
  36  2.5677636e+010  2.5700169e+010 3.01e+005 0.00e+000 2.24e+004 3.39e-006
  37  2.5677279e+010  2.5697857e+010 2.99e+005 0.00e+000 2.16e+004 3.55e-006
  38  2.5669981e+010  2.5692743e+010 2.36e+005 0.00e+000 1.96e+004 4.06e-006
  39  2.5670730e+010  2.5693364e+010 2.34e+005 0.00e+000 1.95e+004 4.08e-006
  40  2.5662331e+010  2.5687474e+010 1.84e+005 0.00e+000 1.76e+004 4.70e-006
  41  2.5657832e+010  2.5675101e+010 1.47e+005 0.00e+000 1.31e+004 7.11e-006
  42  2.5655615e+010  2.5670717e+010 1.32e+005 0.00e+000 1.16e+004 8.38e-006
  43  2.5652966e+010  2.5666091e+010 1.14e+005 0.00e+000 1.00e+004 1.02e-005
  44  2.5645832e+010  2.5659340e+010 6.94e+004 0.00e+000 7.87e+003 1.43e-005
  45  2.5645823e+010  2.5659277e+010 6.49e+004 0.00e+000 7.83e+003 1.43e-005
  46  2.5644957e+010  2.5658932e+010 6.10e+004 0.00e+000 7.73e+003 1.46e-005
  47  2.5640218e+010  2.5653269e+010 3.64e+004 0.00e+000 5.95e+003 2.10e-005
  48  2.5639123e+010  2.5651882e+010 3.10e+004 0.00e+000 5.54e+003 2.31e-005
  49  2.5636117e+010  2.5644919e+010 1.62e+004 0.00e+000 3.49e+003 4.54e-005
  50  2.5634241e+010  2.5640073e+010 1.33e+004 0.00e+000 2.25e+003 7.87e-005
  51  2.5634238e+010  2.5640001e+010 1.33e+005 0.00e+000 2.23e+003 7.99e-005
  52  2.5634047e+010  2.5639877e+010 1.25e+005 0.00e+000 2.20e+003 8.14e-005
  53  2.5633399e+010  2.5638450e+010 9.56e+004 0.00e+000 1.83e+003 1.04e-004
  54  2.5631961e+010  2.5634582e+010 4.03e+004 0.00e+000 8.98e+002 2.86e-004
  55  2.5631432e+010  2.5632876e+010 2.71e+004 0.00e+000 5.36e+002 5.08e-004
  56  2.5630611e+010  2.5632486e+010 6.83e+003 0.00e+000 4.54e+002 6.13e-004
  57  2.5630602e+010  2.5631990e+010 6.35e+003 0.00e+000 3.41e+002 9.17e-004
  58  2.5630494e+010  2.5631541e+010 3.34e+003 0.00e+000 2.46e+002 1.39e-003
  59  2.5630391e+010  2.5630854e+010 9.38e+002 0.00e+000 1.04e+002 4.81e-003
  60  2.5630287e+010  2.5630312e+010 9.94e+001 0.00e+000 6.70e+000 8.69e-002
  61  2.5630275e+010  2.5630276e+010 5.34e+000 0.00e+000 3.37e-001 1.73e+000
  62  2.5630274e+010  2.5630274e+010 2.68e-001 0.00e+000 1.69e-002 3.46e+001
  63  2.5630274e+010  2.5630274e+010 9.17e-001 0.00e+000 8.61e-004 6.80e+002
Barrier time = 4.53 sec. (1671.24 ticks)
Parallel mode: opportunistic, using up to 4 threads for concurrent optimization.

Dual crossover.
  Dual:  Fixing 26663 variables.
    26662 DMoves:  Infeasibility 0.00000000e+000  Objective 2.56302739e+010
    26218 DMoves:  Infeasibility 0.00000000e+000  Objective 2.56302739e+010
    16907 DMoves:  Infeasibility 0.00000000e+000  Objective 2.56302739e+010
Using devex.

Primal simplex solved model.

Total crossover time = 1.63 sec. (1952.83 ticks)

Total time on 4 threads = 6.28 sec. (3695.34 ticks)
LP status(1): optimal
Cplex Time: 6.28sec (det. 3695.57 ticks)

Optimal solution found.
Objective : 25630273922.891468

--- Scenario scen1:     Records read:    1
--- Solution statistics for scenario scen1
---   Solver Status    1 Normal Completion         
---   Model Status     1 Optimal                   
---   Objective Value  25630273922.8915
---   Resource Usage   6422
---   Total Time (ms)  6453

IBM ILOG CPLEX   24.7.4 r58773 Released Sep 19, 2016 WEI x86 64bit/MS Windows 
--- GAMS/Cplex licensed for continuous and discrete problems.
Cplex 12.6.3.0

Reading parameter(s) from "C:\Users\Lenovo\Documents\GitHub\dolores\original\Split up res\cplex.opt"
>>  lpmethod 4
>>  threads 4
>>  epgap 1e-3
>>  epagap 10
>>  parallelmode -1
Finished reading from "C:\Users\Lenovo\Documents\GitHub\dolores\original\Split up res\cplex.opt"
Reading data...
Starting Cplex...
Space for names approximately 4.89 Mb
Use option 'names no' to turn use of names off
Tried aggregator 1 time.
LP Presolve eliminated 8534 rows and 26054 columns.
Aggregator did 4110 substitutions.
Reduced LP has 66198 rows, 48684 columns, and 217424 nonzeros.
Presolve time = 0.11 sec. (68.53 ticks)
Parallel mode: using up to 4 threads for barrier.

***NOTE: Found 6 dense columns.

Number of nonzeros in lower triangle of A*A' = 202229
Using Approximate Minimum Degree ordering
Total time for automatic ordering = 0.05 sec. (19.49 ticks)
Summary statistics for Cholesky factor:
  Threads                   = 4
  Rows in Factor            = 66204
  Integer space required    = 151656
  Total non-zeros in factor = 771658
  Total FP ops to factor    = 10794342
 Itn      Primal Obj        Dual Obj  Prim Inf Upper Inf  Dual Inf Inf Ratio
   0  5.2992231e+012  0.0000000e+000 6.01e+011 0.00e+000 1.23e+010 1.00e+000
   1  6.7368938e+010  4.6467818e+010 2.45e+009 0.00e+000 4.08e+007 1.30e-009
   2  4.0771937e+010  3.9762349e+010 2.05e+008 0.00e+000 5.90e+006 3.02e-009
   3  3.3196308e+010  3.4353363e+010 1.04e+008 0.00e+000 3.68e+006 5.34e-009
   4  3.1402600e+010  3.2348384e+010 7.49e+007 0.00e+000 2.71e+006 7.73e-009
   5  3.0398384e+010  3.0645337e+010 5.87e+007 0.00e+000 1.89e+006 1.14e-008
   6  2.9035431e+010  2.9077001e+010 3.75e+007 0.00e+000 1.15e+006 1.95e-008
   7  2.8360115e+010  2.8773396e+010 2.78e+007 0.00e+000 1.02e+006 2.33e-008
   8  2.8090757e+010  2.8612378e+010 2.40e+007 0.00e+000 9.52e+005 2.53e-008
   9  2.7434334e+010  2.7877718e+010 1.48e+007 0.00e+000 6.38e+005 4.13e-008
  10  2.7191683e+010  2.7781459e+010 1.14e+007 0.00e+000 5.98e+005 4.57e-008
  11  2.7177603e+010  2.7720034e+010 1.11e+007 0.00e+000 5.64e+005 4.89e-008
  12  2.7140805e+010  2.7612270e+010 1.04e+007 0.00e+000 5.12e+005 5.55e-008
  13  2.6830905e+010  2.7380177e+010 5.50e+006 0.00e+000 4.07e+005 7.71e-008
  14  2.6748273e+010  2.7233726e+010 4.32e+006 0.00e+000 3.43e+005 9.74e-008
  15  2.6698043e+010  2.7108824e+010 3.67e+006 0.00e+000 2.91e+005 1.22e-007
  16  2.6612384e+010  2.7093691e+010 2.72e+006 0.00e+000 2.85e+005 1.27e-007
  17  2.6580255e+010  2.7028018e+010 2.31e+006 0.00e+000 2.58e+005 1.45e-007
  18  2.6523097e+010  2.6903130e+010 1.77e+006 0.00e+000 2.12e+005 1.85e-007
  19  2.6516802e+010  2.6892640e+010 1.67e+006 0.00e+000 2.07e+005 1.90e-007
  20  2.6478833e+010  2.6752545e+010 1.28e+006 0.00e+000 1.53e+005 2.89e-007
  21  2.6474114e+010  2.6749244e+010 1.21e+006 0.00e+000 1.52e+005 2.92e-007
  22  2.6440061e+010  2.6645984e+010 9.33e+005 0.00e+000 1.15e+005 4.30e-007
  23  2.6410136e+010  2.6576491e+010 7.26e+005 0.00e+000 9.16e+004 5.89e-007
  24  2.6382104e+010  2.6568675e+010 5.35e+005 0.00e+000 8.90e+004 6.16e-007
  25  2.6376060e+010  2.6548162e+010 4.91e+005 0.00e+000 8.20e+004 6.86e-007
  26  2.6374480e+010  2.6546350e+010 4.89e+005 0.00e+000 8.17e+004 6.91e-007
  27  2.6375085e+010  2.6546202e+010 4.87e+005 0.00e+000 8.14e+004 6.94e-007
  28  2.6360869e+010  2.6499461e+010 4.08e+005 0.00e+000 6.67e+004 9.11e-007
  29  2.6353927e+010  2.6467034e+010 3.73e+005 0.00e+000 5.69e+004 1.13e-006
  30  2.6336306e+010  2.6427197e+010 2.92e+005 0.00e+000 4.52e+004 1.55e-006
  31  2.6332855e+010  2.6426102e+010 2.68e+005 0.00e+000 4.49e+004 1.56e-006
  32  2.6313893e+010  2.6402522e+010 1.89e+005 0.00e+000 3.82e+004 1.96e-006
  33  2.6308904e+010  2.6390041e+010 1.68e+005 0.00e+000 3.46e+004 2.23e-006
  34  2.6303373e+010  2.6378652e+010 1.45e+005 0.00e+000 3.14e+004 2.55e-006
  35  2.6303662e+010  2.6378726e+010 1.45e+005 0.00e+000 3.13e+004 2.56e-006
  36  2.6303382e+010  2.6377546e+010 1.45e+005 0.00e+000 3.11e+004 2.58e-006
  37  2.6293787e+010  2.6369457e+010 1.04e+005 0.00e+000 2.88e+004 2.87e-006
  38  2.6287298e+010  2.6358144e+010 8.20e+004 0.00e+000 2.57e+004 3.35e-006
  39  2.6286648e+010  2.6356846e+010 7.73e+004 0.00e+000 2.53e+004 3.42e-006
  40  2.6286362e+010  2.6353371e+010 7.56e+004 0.00e+000 2.43e+004 3.61e-006
  41  2.6285856e+010  2.6351493e+010 7.00e+004 0.00e+000 2.36e+004 3.73e-006
  42  2.6285524e+010  2.6347043e+010 6.93e+004 0.00e+000 2.26e+004 3.96e-006
  43  2.6278849e+010  2.6329016e+010 4.79e+004 0.00e+000 1.77e+004 5.55e-006
  44  2.6278073e+010  2.6326694e+010 4.62e+004 0.00e+000 1.71e+004 5.80e-006
  45  2.6272442e+010  2.6296434e+010 3.39e+004 0.00e+000 9.62e+003 1.38e-005
  46  2.6271624e+010  2.6293560e+010 3.28e+004 0.00e+000 8.94e+003 1.52e-005
  47  2.6265370e+010  2.6282979e+010 2.50e+004 0.00e+000 6.51e+003 2.37e-005
  48  2.6264857e+010  2.6281656e+010 2.34e+004 0.00e+000 6.21e+003 2.53e-005
  49  2.6262749e+010  2.6271735e+010 1.91e+004 0.00e+000 4.01e+003 4.74e-005
  50  2.6261794e+010  2.6270234e+010 1.72e+004 0.00e+000 3.69e+003 5.31e-005
  51  2.6261760e+010  2.6270187e+010 1.74e+004 0.00e+000 3.68e+003 5.32e-005
  52  2.6260804e+010  2.6269852e+010 1.55e+004 0.00e+000 3.61e+003 5.47e-005
  53  2.6259240e+010  2.6268314e+010 1.34e+004 0.00e+000 3.28e+003 6.22e-005
  54  2.6257374e+010  2.6266465e+010 1.20e+004 0.00e+000 2.89e+003 7.39e-005
  55  2.6254262e+010  2.6258909e+010 4.58e+003 0.00e+000 1.36e+003 1.72e-004
  56  2.6253318e+010  2.6257518e+010 2.23e+003 0.00e+000 1.07e+003 2.41e-004
  57  2.6252530e+010  2.6252809e+010 9.52e+002 0.00e+000 1.64e+002 1.94e-003
  58  2.6252058e+010  2.6252401e+010 2.05e+002 0.00e+000 8.86e+001 4.20e-003
  59  2.6251938e+010  2.6251958e+010 2.69e+001 0.00e+000 6.99e+000 5.69e-002
  60  2.6251921e+010  2.6251922e+010 1.36e+000 0.00e+000 3.50e-001 1.14e+000
  61  2.6251920e+010  2.6251920e+010 6.83e-002 0.00e+000 1.77e-002 2.26e+001
  62  2.6251920e+010  2.6251920e+010 5.01e-001 0.00e+000 8.85e-004 4.52e+002
Barrier time = 5.01 sec. (1652.34 ticks)
Parallel mode: opportunistic, using up to 4 threads for concurrent optimization.

Dual crossover.
  Dual:  Fixing 26638 variables.
    26637 DMoves:  Infeasibility 0.00000000e+000  Objective 2.62519196e+010
    26274 DMoves:  Infeasibility 0.00000000e+000  Objective 2.62519196e+010
    21945 DMoves:  Infeasibility 0.00000000e+000  Objective 2.62519196e+010
Using devex.

Primal simplex solved model.

Total crossover time = 1.70 sec. (1976.45 ticks)

Total time on 4 threads = 6.84 sec. (3700.06 ticks)
LP status(1): optimal
Cplex Time: 6.84sec (det. 3700.29 ticks)

Optimal solution found.
Objective : 26251919628.188221

--- Scenario scen2:     Records read:    1
--- Solution statistics for scenario scen2
---   Solver Status    1 Normal Completion         
---   Model Status     1 Optimal                   
---   Objective Value  26251919628.1882
---   Resource Usage   6969
---   Total Time (ms)  7016

IBM ILOG CPLEX   24.7.4 r58773 Released Sep 19, 2016 WEI x86 64bit/MS Windows 
--- GAMS/Cplex licensed for continuous and discrete problems.
Cplex 12.6.3.0

Reading parameter(s) from "C:\Users\Lenovo\Documents\GitHub\dolores\original\Split up res\cplex.opt"
>>  lpmethod 4
>>  threads 4
>>  epgap 1e-3
>>  epagap 10
>>  parallelmode -1
Finished reading from "C:\Users\Lenovo\Documents\GitHub\dolores\original\Split up res\cplex.opt"
Reading data...
Starting Cplex...
Space for names approximately 4.89 Mb
Use option 'names no' to turn use of names off
Tried aggregator 1 time.
LP Presolve eliminated 8534 rows and 26054 columns.
Aggregator did 4110 substitutions.
Reduced LP has 66198 rows, 48684 columns, and 217424 nonzeros.
Presolve time = 0.11 sec. (68.53 ticks)
Parallel mode: using up to 4 threads for barrier.

***NOTE: Found 6 dense columns.

Number of nonzeros in lower triangle of A*A' = 202229
Using Approximate Minimum Degree ordering
Total time for automatic ordering = 0.05 sec. (19.49 ticks)
Summary statistics for Cholesky factor:
  Threads                   = 4
  Rows in Factor            = 66204
  Integer space required    = 151656
  Total non-zeros in factor = 771658
  Total FP ops to factor    = 10794342
 Itn      Primal Obj        Dual Obj  Prim Inf Upper Inf  Dual Inf Inf Ratio
   0  4.9459416e+012  0.0000000e+000 5.61e+011 0.00e+000 1.23e+010 1.00e+000
   1  6.7442921e+010  4.7386248e+010 2.36e+009 0.00e+000 4.81e+007 1.37e-009
   2  4.2834718e+010  4.1570818e+010 2.13e+008 0.00e+000 6.70e+006 3.37e-009
   3  3.4212935e+010  3.5453486e+010 9.95e+007 0.00e+000 3.95e+006 6.35e-009
   4  3.2150205e+010  3.2801997e+010 6.84e+007 0.00e+000 2.62e+006 1.03e-008
   5  3.0917800e+010  3.1058101e+010 5.05e+007 0.00e+000 1.77e+006 1.57e-008
   6  2.9904385e+010  2.9918541e+010 3.65e+007 0.00e+000 1.24e+006 2.33e-008
   7  2.9197615e+010  2.9098409e+010 2.73e+007 0.00e+000 8.81e+005 3.69e-008
   8  2.8398836e+010  2.8925960e+010 1.75e+007 0.00e+000 8.09e+005 4.26e-008
   9  2.8102683e+010  2.8489469e+010 1.38e+007 0.00e+000 6.27e+005 5.77e-008
  10  2.7879539e+010  2.8349696e+010 1.11e+007 0.00e+000 5.69e+005 6.54e-008
  11  2.7879971e+010  2.8333816e+010 1.09e+007 0.00e+000 5.49e+005 6.85e-008
  12  2.7821671e+010  2.8134683e+010 1.00e+007 0.00e+000 4.56e+005 8.76e-008
  13  2.7665889e+010  2.7968417e+010 7.89e+006 0.00e+000 3.83e+005 1.11e-007
  14  2.7482809e+010  2.7648337e+010 5.55e+006 0.00e+000 2.50e+005 1.99e-007
  15  2.7289353e+010  2.7426968e+010 3.39e+006 0.00e+000 1.67e+005 3.40e-007
  16  2.7200803e+010  2.7296952e+010 2.42e+006 0.00e+000 1.18e+005 5.50e-007
  17  2.7188654e+010  2.7281499e+010 2.27e+006 0.00e+000 1.12e+005 5.90e-007
  18  2.7151791e+010  2.7255242e+010 1.91e+006 0.00e+000 1.03e+005 6.62e-007
  19  2.7150986e+010  2.7254003e+010 1.89e+006 0.00e+000 1.02e+005 6.68e-007
  20  2.7145631e+010  2.7231735e+010 1.84e+006 0.00e+000 9.50e+004 7.36e-007
  21  2.7107049e+010  2.7206004e+010 1.47e+006 0.00e+000 8.62e+004 8.44e-007
  22  2.7092445e+010  2.7199316e+010 1.32e+006 0.00e+000 8.38e+004 8.78e-007
  23  2.7060706e+010  2.7175259e+010 1.02e+006 0.00e+000 7.57e+004 1.01e-006
  24  2.7043971e+010  2.7164255e+010 8.67e+005 0.00e+000 7.20e+004 1.09e-006
  25  2.7033677e+010  2.7130058e+010 7.66e+005 0.00e+000 6.02e+004 1.38e-006
  26  2.7033912e+010  2.7129873e+010 7.63e+005 0.00e+000 6.00e+004 1.39e-006
  27  2.7033346e+010  2.7128024e+010 7.59e+005 0.00e+000 5.94e+004 1.41e-006
  28  2.7032292e+010  2.7119375e+010 7.50e+005 0.00e+000 5.66e+004 1.50e-006
  29  2.7021345e+010  2.7108447e+010 6.62e+005 0.00e+000 5.32e+004 1.63e-006
  30  2.7001632e+010  2.7085293e+010 4.99e+005 0.00e+000 4.59e+004 2.01e-006
  31  2.6991117e+010  2.7072078e+010 4.14e+005 0.00e+000 4.17e+004 2.28e-006
  32  2.6984337e+010  2.7056292e+010 3.61e+005 0.00e+000 3.68e+004 2.70e-006
  33  2.6978023e+010  2.7055416e+010 3.23e+005 0.00e+000 3.65e+004 2.74e-006
  34  2.6973480e+010  2.7047038e+010 2.88e+005 0.00e+000 3.40e+004 3.02e-006
  35  2.6973749e+010  2.7046993e+010 2.87e+005 0.00e+000 3.38e+004 3.04e-006
  36  2.6973221e+010  2.7044968e+010 2.85e+005 0.00e+000 3.33e+004 3.10e-006
  37  2.6962727e+010  2.7033293e+010 2.04e+005 0.00e+000 2.98e+004 3.62e-006
  38  2.6960756e+010  2.7030498e+010 1.89e+005 0.00e+000 2.89e+004 3.76e-006
  39  2.6956158e+010  2.7024782e+010 1.59e+005 0.00e+000 2.72e+004 4.08e-006
  40  2.6952863e+010  2.6999967e+010 1.38e+005 0.00e+000 2.00e+004 6.27e-006
  41  2.6952901e+010  2.6999574e+010 1.36e+005 0.00e+000 1.98e+004 6.34e-006
  42  2.6952706e+010  2.6998401e+010 1.36e+005 0.00e+000 1.96e+004 6.44e-006
  43  2.6943180e+010  2.6996691e+010 8.16e+004 0.00e+000 1.91e+004 6.69e-006
  44  2.6943171e+010  2.6995926e+010 7.85e+004 0.00e+000 1.88e+004 6.81e-006
  45  2.6943081e+010  2.6995231e+010 7.83e+004 0.00e+000 1.87e+004 6.89e-006
  46  2.6941356e+010  2.6988214e+010 6.93e+004 0.00e+000 1.67e+004 8.00e-006
  47  2.6939519e+010  2.6976809e+010 6.21e+004 0.00e+000 1.37e+004 1.05e-005
  48  2.6939248e+010  2.6975904e+010 6.03e+004 0.00e+000 1.34e+004 1.08e-005
  49  2.6934337e+010  2.6969914e+010 4.44e+004 0.00e+000 1.18e+004 1.28e-005
  50  2.6934212e+010  2.6969609e+010 4.38e+004 0.00e+000 1.18e+004 1.29e-005
  51  2.6927890e+010  2.6961213e+010 2.49e+004 0.00e+000 9.64e+003 1.70e-005
  52  2.6927048e+010  2.6956620e+010 2.31e+004 0.00e+000 8.55e+003 1.95e-005
  53  2.6926636e+010  2.6955413e+010 2.07e+004 0.00e+000 8.26e+003 2.05e-005
  54  2.6925956e+010  2.6952972e+010 1.47e+005 0.00e+000 7.62e+003 2.31e-005
  55  2.6925706e+010  2.6946493e+010 2.90e+005 0.00e+000 5.99e+003 3.20e-005
  56  2.6923620e+010  2.6942581e+010 1.50e+005 0.00e+000 5.06e+003 4.08e-005
  57  2.6923615e+010  2.6942363e+010 1.49e+005 0.00e+000 5.01e+003 4.14e-005
  58  2.6923596e+010  2.6942258e+010 1.47e+005 0.00e+000 4.99e+003 4.16e-005
  59  2.6923199e+010  2.6941346e+010 1.30e+005 0.00e+000 4.78e+003 4.41e-005
  60  2.6922581e+010  2.6938276e+010 1.02e+005 0.00e+000 4.08e+003 5.48e-005
  61  2.6921566e+010  2.6930569e+010 6.72e+004 0.00e+000 2.37e+003 1.23e-004
  62  2.6919519e+010  2.6924632e+010 2.54e+004 0.00e+000 1.22e+003 2.76e-004
  63  2.6919260e+010  2.6924185e+010 1.98e+004 0.00e+000 1.14e+003 3.05e-004
  64  2.6918753e+010  2.6921528e+010 9.05e+003 0.00e+000 6.19e+002 7.68e-004
  65  2.6918438e+010  2.6919390e+010 5.42e+003 0.00e+000 2.47e+002 2.19e-003
  66  2.6918251e+010  2.6918780e+010 3.24e+003 0.00e+000 1.41e+002 5.10e-003
  67  2.6918178e+010  2.6918498e+010 2.48e+003 0.00e+000 9.30e+001 9.24e-003
  68  2.6917951e+010  2.6917985e+010 2.37e+002 0.00e+000 9.47e+000 9.28e-002
  69  2.6917929e+010  2.6917930e+010 1.26e+001 0.00e+000 4.86e-001 1.81e+000
  70  2.6917927e+010  2.6917928e+010 6.34e-001 0.00e+000 2.43e-002 3.63e+001
  71  2.6917927e+010  2.6917927e+010 3.16e-002 0.00e+000 1.22e-003 7.25e+002
Barrier time = 4.45 sec. (1859.01 ticks)
Parallel mode: opportunistic, using up to 4 threads for concurrent optimization.

Dual crossover.
  Dual:  Fixing 26661 variables.
    26660 DMoves:  Infeasibility 0.00000000e+000  Objective 2.69179274e+010
    26301 DMoves:  Infeasibility 0.00000000e+000  Objective 2.69179274e+010
    21975 DMoves:  Infeasibility 0.00000000e+000  Objective 2.69179274e+010
Using devex.

Primal simplex solved model.

Total crossover time = 1.81 sec. (1788.89 ticks)

Total time on 4 threads = 6.39 sec. (3719.18 ticks)
LP status(1): optimal
Cplex Time: 6.39sec (det. 3719.40 ticks)

Optimal solution found.
Objective : 26917927409.760231

--- Scenario scen3:     Records read:    1
--- Solution statistics for scenario scen3
---   Solver Status    1 Normal Completion         
---   Model Status     1 Optimal                   
---   Objective Value  26917927409.7602
---   Resource Usage   6531
---   Total Time (ms)  6578

IBM ILOG CPLEX   24.7.4 r58773 Released Sep 19, 2016 WEI x86 64bit/MS Windows 
--- GAMS/Cplex licensed for continuous and discrete problems.
Cplex 12.6.3.0

Reading parameter(s) from "C:\Users\Lenovo\Documents\GitHub\dolores\original\Split up res\cplex.opt"
>>  lpmethod 4
>>  threads 4
>>  epgap 1e-3
>>  epagap 10
>>  parallelmode -1
Finished reading from "C:\Users\Lenovo\Documents\GitHub\dolores\original\Split up res\cplex.opt"
Reading data...
Starting Cplex...
Space for names approximately 4.89 Mb
Use option 'names no' to turn use of names off
Tried aggregator 1 time.
LP Presolve eliminated 8534 rows and 26054 columns.
Aggregator did 4110 substitutions.
Reduced LP has 66198 rows, 48684 columns, and 217424 nonzeros.
Presolve time = 0.14 sec. (68.53 ticks)
Parallel mode: using up to 4 threads for barrier.

***NOTE: Found 6 dense columns.

Number of nonzeros in lower triangle of A*A' = 202229
Using Approximate Minimum Degree ordering
Total time for automatic ordering = 0.08 sec. (19.49 ticks)
Summary statistics for Cholesky factor:
  Threads                   = 4
  Rows in Factor            = 66204
  Integer space required    = 151656
  Total non-zeros in factor = 771658
  Total FP ops to factor    = 10794342
 Itn      Primal Obj        Dual Obj  Prim Inf Upper Inf  Dual Inf Inf Ratio
   0  4.5926600e+012  0.0000000e+000 5.21e+011 0.00e+000 1.23e+010 1.00e+000
   1  6.7226945e+010  4.8697590e+010 2.18e+009 0.00e+000 5.75e+007 1.45e-009
   2  4.4899333e+010  4.3486695e+010 2.12e+008 0.00e+000 7.59e+006 3.98e-009
   3  3.5210014e+010  3.6571249e+010 9.13e+007 0.00e+000 4.24e+006 8.17e-009
   4  3.2837644e+010  3.3357425e+010 5.88e+007 0.00e+000 2.55e+006 1.47e-008
   5  3.1414786e+010  3.1320797e+010 4.10e+007 0.00e+000 1.55e+006 2.51e-008
   6  2.9734174e+010  3.0298574e+010 2.16e+007 0.00e+000 1.10e+006 3.88e-008
   7  2.9531370e+010  3.0130731e+010 1.93e+007 0.00e+000 1.02e+006 4.20e-008
   8  2.8793734e+010  2.9086454e+010 1.10e+007 0.00e+000 5.60e+005 9.42e-008
   9  2.8508022e+010  2.8862587e+010 8.22e+006 0.00e+000 4.73e+005 1.19e-007
  10  2.8482931e+010  2.8719127e+010 7.83e+006 0.00e+000 3.96e+005 1.48e-007
  11  2.8358051e+010  2.8569476e+010 6.48e+006 0.00e+000 3.35e+005 1.87e-007
  12  2.8138894e+010  2.8375320e+010 4.17e+006 0.00e+000 2.56e+005 2.72e-007
  13  2.8062915e+010  2.8198395e+010 3.41e+006 0.00e+000 1.87e+005 4.20e-007
  14  2.7994493e+010  2.8111203e+010 2.78e+006 0.00e+000 1.55e+005 5.38e-007
  15  2.7901219e+010  2.8008651e+010 1.93e+006 0.00e+000 1.17e+005 7.92e-007
  16  2.7842286e+010  2.7981390e+010 1.44e+006 0.00e+000 1.08e+005 8.95e-007
  17  2.7822656e+010  2.7959229e+010 1.27e+006 0.00e+000 1.00e+005 9.92e-007
  18  2.7820045e+010  2.7958387e+010 1.21e+006 0.00e+000 9.96e+004 9.93e-007
  19  2.7795297e+010  2.7919660e+010 1.01e+006 0.00e+000 8.63e+004 1.21e-006
  20  2.7764331e+010  2.7879058e+010 7.66e+005 0.00e+000 7.24e+004 1.54e-006
  21  2.7753795e+010  2.7872864e+010 6.69e+005 0.00e+000 7.02e+004 1.61e-006
  22  2.7751775e+010  2.7858026e+010 6.56e+005 0.00e+000 6.55e+004 1.76e-006
  23  2.7735053e+010  2.7818801e+010 5.38e+005 0.00e+000 5.26e+004 2.37e-006
  24  2.7715079e+010  2.7808787e+010 4.12e+005 0.00e+000 4.95e+004 2.59e-006
  25  2.7711010e+010  2.7800994e+010 3.85e+005 0.00e+000 4.70e+004 2.77e-006
  26  2.7703560e+010  2.7796789e+010 3.30e+005 0.00e+000 4.56e+004 2.89e-006
  27  2.7702445e+010  2.7785650e+010 3.24e+005 0.00e+000 4.23e+004 3.20e-006
  28  2.7696182e+010  2.7779469e+010 2.83e+005 0.00e+000 4.03e+004 3.41e-006
  29  2.7689867e+010  2.7774227e+010 2.43e+005 0.00e+000 3.87e+004 3.61e-006
  30  2.7689321e+010  2.7768675e+010 2.41e+005 0.00e+000 3.71e+004 3.81e-006
  31  2.7689265e+010  2.7768133e+010 2.39e+005 0.00e+000 3.68e+004 3.84e-006
  32  2.7677455e+010  2.7761821e+010 1.77e+005 0.00e+000 3.50e+004 4.15e-006
  33  2.7674466e+010  2.7758675e+010 1.58e+005 0.00e+000 3.40e+004 4.32e-006
  34  2.7668811e+010  2.7725650e+010 1.31e+005 0.00e+000 2.44e+004 6.67e-006
  35  2.7668944e+010  2.7725693e+010 1.31e+005 0.00e+000 2.44e+004 6.68e-006
  36  2.7668841e+010  2.7725158e+010 1.31e+005 0.00e+000 2.43e+004 6.72e-006
  37  2.7663139e+010  2.7719323e+010 1.04e+005 0.00e+000 2.26e+004 7.41e-006
  38  2.7663225e+010  2.7719218e+010 1.03e+005 0.00e+000 2.25e+004 7.44e-006
  39  2.7663079e+010  2.7717846e+010 1.03e+005 0.00e+000 2.22e+004 7.57e-006
  40  2.7660190e+010  2.7714616e+010 9.08e+004 0.00e+000 2.13e+004 8.01e-006
  41  2.7656239e+010  2.7712864e+010 7.72e+004 0.00e+000 2.09e+004 8.28e-006
  42  2.7655278e+010  2.7712482e+010 7.00e+004 0.00e+000 2.08e+004 8.34e-006
  43  2.7652996e+010  2.7704365e+010 6.10e+004 0.00e+000 1.85e+004 9.73e-006
  44  2.7653064e+010  2.7704226e+010 6.08e+004 0.00e+000 1.84e+004 9.79e-006
  45  2.7652972e+010  2.7704059e+010 6.07e+004 0.00e+000 1.84e+004 9.82e-006
  46  2.7650762e+010  2.7703042e+010 5.50e+004 0.00e+000 1.81e+004 1.00e-005
  47  2.7648391e+010  2.7695302e+010 4.73e+004 0.00e+000 1.60e+004 1.18e-005
  48  2.7647106e+010  2.7685699e+010 4.38e+004 0.00e+000 1.35e+004 1.49e-005
  49  2.7646203e+010  2.7684376e+010 4.06e+004 0.00e+000 1.31e+004 1.55e-005
  50  2.7643774e+010  2.7669909e+010 3.67e+004 0.00e+000 9.49e+003 2.44e-005
  51  2.7643689e+010  2.7669736e+010 3.66e+004 0.00e+000 9.45e+003 2.45e-005
  52  2.7641742e+010  2.7669310e+010 3.14e+004 0.00e+000 9.34e+003 2.49e-005
  53  2.7638126e+010  2.7667044e+010 3.12e+004 0.00e+000 8.80e+003 2.70e-005
  54  2.7638060e+010  2.7666563e+010 3.10e+004 0.00e+000 8.68e+003 2.75e-005
  55  2.7637477e+010  2.7666120e+010 5.01e+004 0.00e+000 8.58e+003 2.80e-005
  56  2.7635328e+010  2.7652549e+010 3.67e+004 0.00e+000 5.53e+003 4.63e-005
  57  2.7635330e+010  2.7652488e+010 3.68e+004 0.00e+000 5.51e+003 4.65e-005
  58  2.7635194e+010  2.7652110e+010 3.55e+004 0.00e+000 5.43e+003 4.75e-005
  59  2.7634484e+010  2.7650936e+010 3.07e+004 0.00e+000 5.15e+003 5.09e-005
  60  2.7633244e+010  2.7649211e+010 2.74e+004 0.00e+000 4.75e+003 5.68e-005
  61  2.7632768e+010  2.7647870e+010 2.70e+004 0.00e+000 4.43e+003 6.23e-005
  62  2.7632104e+010  2.7646554e+010 2.53e+004 0.00e+000 4.13e+003 6.85e-005
  63  2.7630869e+010  2.7644665e+010 2.37e+004 0.00e+000 3.70e+003 7.94e-005
  64  2.7630713e+010  2.7644019e+010 2.35e+004 0.00e+000 3.55e+003 8.38e-005
  65  2.7629586e+010  2.7636433e+010 1.75e+004 0.00e+000 1.85e+003 2.31e-004
  66  2.7628461e+010  2.7633420e+010 9.35e+003 0.00e+000 1.26e+003 3.79e-004
  67  2.7628241e+010  2.7633249e+010 7.90e+003 0.00e+000 1.23e+003 3.93e-004
  68  2.7627759e+010  2.7631403e+010 4.65e+003 0.00e+000 8.69e+002 6.43e-004
  69  2.7627761e+010  2.7631387e+010 4.62e+003 0.00e+000 8.65e+002 6.47e-004
  70  2.7627755e+010  2.7631377e+010 4.62e+003 0.00e+000 8.63e+002 6.48e-004
  71  2.7627667e+010  2.7631203e+010 4.03e+003 0.00e+000 8.30e+002 6.83e-004
  72  2.7626881e+010  2.7627420e+010 1.16e+003 0.00e+000 1.47e+002 9.99e-003
  73  2.7626834e+010  2.7626965e+010 1.01e+003 0.00e+000 7.35e+001 2.88e-002
  74  2.7626831e+010  2.7626963e+010 1.01e+003 0.00e+000 7.32e+001 2.89e-002
  75  2.7626829e+010  2.7626958e+010 1.00e+003 0.00e+000 7.23e+001 2.94e-002
  76  2.7626670e+010  2.7626721e+010 5.32e+002 0.00e+000 3.57e+001 6.81e-002
  77  2.7626610e+010  2.7626681e+010 3.54e+002 0.00e+000 2.95e+001 8.73e-002
  78  2.7626577e+010  2.7626607e+010 2.51e+002 0.00e+000 1.77e+001 1.81e-001
  79  2.7626569e+010  2.7626543e+010 2.26e+002 0.00e+000 7.46e+000 5.34e-001
  80  2.7626520e+010  2.7626502e+010 7.09e+001 0.00e+000 7.20e-001 7.73e+000
  81  2.7626499e+010  2.7626498e+010 3.60e+000 0.00e+000 4.42e-002 1.26e+002
  82  2.7626498e+010  2.7626498e+010 1.95e-001 0.00e+000 1.03e-002 5.36e+002
  83  2.7626498e+010  2.7626498e+010 9.62e-001 0.00e+000 6.60e-004 8.41e+003
Barrier time = 7.03 sec. (2268.76 ticks)
Parallel mode: opportunistic, using up to 4 threads for concurrent optimization.

Dual crossover.
  Dual:  Fixing 26661 variables.
    26660 DMoves:  Infeasibility 0.00000000e+000  Objective 2.76264981e+010
    25914 DMoves:  Infeasibility 0.00000000e+000  Objective 2.76264981e+010
    20948 DMoves:  Infeasibility 0.00000000e+000  Objective 2.76264981e+010
    14041 DMoves:  Infeasibility 1.06137321e-013  Objective 2.76264981e+010
Using devex.

Primal simplex solved model.

Total crossover time = 1.94 sec. (2049.09 ticks)

Total time on 4 threads = 9.13 sec. (4389.12 ticks)
LP status(1): optimal
Cplex Time: 9.13sec (det. 4389.34 ticks)

Optimal solution found.
Objective : 27626498076.651402

--- Scenario scen4:     Records read:    1
--- Solution statistics for scenario scen4
---   Solver Status    1 Normal Completion         
---   Model Status     1 Optimal                   
---   Objective Value  27626498076.6514
---   Resource Usage   9312
---   Total Time (ms)  9344

IBM ILOG CPLEX   24.7.4 r58773 Released Sep 19, 2016 WEI x86 64bit/MS Windows 
--- GAMS/Cplex licensed for continuous and discrete problems.
Cplex 12.6.3.0

Reading parameter(s) from "C:\Users\Lenovo\Documents\GitHub\dolores\original\Split up res\cplex.opt"
>>  lpmethod 4
>>  threads 4
>>  epgap 1e-3
>>  epagap 10
>>  parallelmode -1
Finished reading from "C:\Users\Lenovo\Documents\GitHub\dolores\original\Split up res\cplex.opt"
Reading data...
Starting Cplex...
Space for names approximately 4.89 Mb
Use option 'names no' to turn use of names off
Tried aggregator 1 time.
LP Presolve eliminated 8534 rows and 26054 columns.
Aggregator did 4110 substitutions.
Reduced LP has 66198 rows, 48684 columns, and 217424 nonzeros.
Presolve time = 0.11 sec. (68.53 ticks)
Parallel mode: using up to 4 threads for barrier.

***NOTE: Found 6 dense columns.

Number of nonzeros in lower triangle of A*A' = 202229
Using Approximate Minimum Degree ordering
Total time for automatic ordering = 0.06 sec. (19.49 ticks)
Summary statistics for Cholesky factor:
  Threads                   = 4
  Rows in Factor            = 66204
  Integer space required    = 151656
  Total non-zeros in factor = 771658
  Total FP ops to factor    = 10794342
 Itn      Primal Obj        Dual Obj  Prim Inf Upper Inf  Dual Inf Inf Ratio
   0  4.2393785e+012  0.0000000e+000 4.81e+011 0.00e+000 1.23e+010 1.00e+000
   1  6.6604196e+010  5.0182881e+010 1.94e+009 0.00e+000 6.85e+007 1.54e-009
   2  4.6984662e+010  4.5462768e+010 2.07e+008 0.00e+000 8.72e+006 4.98e-009
   3  3.6408783e+010  3.7866181e+010 8.20e+007 0.00e+000 4.58e+006 1.12e-008
   4  3.3622472e+010  3.4067139e+010 4.86e+007 0.00e+000 2.48e+006 2.25e-008
   5  3.1889544e+010  3.1685398e+010 3.07e+007 0.00e+000 1.34e+006 4.59e-008
   6  3.0303961e+010  3.0824044e+010 1.63e+007 0.00e+000 9.75e+005 6.91e-008
   7  3.0042894e+010  3.0632513e+010 1.39e+007 0.00e+000 8.95e+005 7.64e-008
   8  2.9390048e+010  2.9533994e+010 7.93e+006 0.00e+000 4.28e+005 1.97e-007
   9  2.9246557e+010  2.9139913e+010 6.80e+006 0.00e+000 2.82e+005 3.50e-007
  10  2.9253300e+010  2.9149954e+010 6.74e+006 0.00e+000 2.78e+005 3.55e-007
  11  2.9083374e+010  2.9063205e+010 5.15e+006 0.00e+000 2.39e+005 4.37e-007
  12  2.8968319e+010  2.9022566e+010 4.15e+006 0.00e+000 2.22e+005 4.84e-007
  13  2.8904100e+010  2.8994458e+010 3.58e+006 0.00e+000 2.10e+005 5.23e-007
  14  2.8875894e+010  2.8980689e+010 3.25e+006 0.00e+000 2.03e+005 5.45e-007
  15  2.8845987e+010  2.8805069e+010 2.99e+006 0.00e+000 1.29e+005 1.03e-006
  16  2.8791737e+010  2.8690119e+010 2.60e+006 0.00e+000 8.91e+004 1.71e-006
  17  2.8742938e+010  2.8670066e+010 2.27e+006 0.00e+000 8.29e+004 1.90e-006
  18  2.8660524e+010  2.8643613e+010 1.70e+006 0.00e+000 7.44e+004 2.22e-006
  19  2.8599703e+010  2.8631658e+010 1.26e+006 0.00e+000 7.03e+004 2.41e-006
  20  2.8572602e+010  2.8628323e+010 1.04e+006 0.00e+000 6.90e+004 2.48e-006
  21  2.8545152e+010  2.8606404e+010 8.28e+005 0.00e+000 6.11e+004 2.94e-006
  22  2.8528220e+010  2.8598231e+010 6.97e+005 0.00e+000 5.81e+004 3.15e-006
  23  2.8514624e+010  2.8579126e+010 5.90e+005 0.00e+000 5.11e+004 3.75e-006
  24  2.8515147e+010  2.8579487e+010 5.89e+005 0.00e+000 5.10e+004 3.76e-006
  25  2.8514315e+010  2.8576238e+010 5.85e+005 0.00e+000 5.01e+004 3.84e-006
  26  2.8500290e+010  2.8547501e+010 4.80e+005 0.00e+000 3.98e+004 5.25e-006
  27  2.8494970e+010  2.8541128e+010 4.46e+005 0.00e+000 3.78e+004 5.64e-006
  28  2.8480621e+010  2.8524292e+010 3.58e+005 0.00e+000 3.24e+004 6.96e-006
  29  2.8480096e+010  2.8524025e+010 3.48e+005 0.00e+000 3.23e+004 6.98e-006
  30  2.8474671e+010  2.8505383e+010 3.13e+005 0.00e+000 2.62e+004 9.24e-006
  31  2.8463340e+010  2.8498483e+010 2.47e+005 0.00e+000 2.40e+004 1.04e-005
  32  2.8459155e+010  2.8498171e+010 2.13e+005 0.00e+000 2.39e+004 1.05e-005
  33  2.8453884e+010  2.8482228e+010 1.83e+005 0.00e+000 1.89e+004 1.44e-005
  34  2.8453907e+010  2.8482186e+010 1.83e+005 0.00e+000 1.89e+004 1.44e-005
  35  2.8451528e+010  2.8479620e+010 1.72e+005 0.00e+000 1.82e+004 1.52e-005
  36  2.8448894e+010  2.8479117e+010 1.56e+005 0.00e+000 1.80e+004 1.54e-005
  37  2.8444868e+010  2.8473883e+010 1.35e+005 0.00e+000 1.65e+004 1.74e-005
  38  2.8444948e+010  2.8473911e+010 1.35e+005 0.00e+000 1.64e+004 1.74e-005
  39  2.8444831e+010  2.8473409e+010 1.34e+005 0.00e+000 1.63e+004 1.76e-005
  40  2.8441054e+010  2.8469564e+010 1.14e+005 0.00e+000 1.51e+004 1.95e-005
  41  2.8441169e+010  2.8469594e+010 1.13e+005 0.00e+000 1.51e+004 1.95e-005
  42  2.8441048e+010  2.8469029e+010 1.13e+005 0.00e+000 1.50e+004 1.97e-005
  43  2.8439378e+010  2.8467691e+010 1.04e+005 0.00e+000 1.46e+004 2.05e-005
  44  2.8435310e+010  2.8464949e+010 8.17e+004 0.00e+000 1.37e+004 2.22e-005
  45  2.8432941e+010  2.8463004e+010 7.03e+004 0.00e+000 1.31e+004 2.35e-005
  46  2.8432946e+010  2.8462939e+010 7.01e+004 0.00e+000 1.31e+004 2.36e-005
  47  2.8432605e+010  2.8462468e+010 6.68e+004 0.00e+000 1.30e+004 2.40e-005
  48  2.8432408e+010  2.8461139e+010 6.61e+004 0.00e+000 1.26e+004 2.49e-005
  49  2.8430201e+010  2.8456525e+010 5.62e+004 0.00e+000 1.13e+004 2.90e-005
  50  2.8429067e+010  2.8455474e+010 5.20e+004 0.00e+000 1.10e+004 3.00e-005
  51  2.8425577e+010  2.8454940e+010 3.88e+004 0.00e+000 1.08e+004 3.07e-005
  52  2.8425588e+010  2.8454802e+010 3.85e+004 0.00e+000 1.07e+004 3.10e-005
  53  2.8425263e+010  2.8454577e+010 3.68e+004 0.00e+000 1.07e+004 3.12e-005
  54  2.8424356e+010  2.8450055e+010 3.41e+004 0.00e+000 9.39e+003 3.71e-005
  55  2.8424251e+010  2.8449565e+010 3.37e+004 0.00e+000 9.25e+003 3.78e-005
  56  2.8423551e+010  2.8448563e+010 3.12e+004 0.00e+000 8.97e+003 3.94e-005
  57  2.8423217e+010  2.8447071e+010 3.05e+004 0.00e+000 8.57e+003 4.19e-005
  58  2.8421989e+010  2.8443775e+010 2.65e+004 0.00e+000 7.65e+003 4.88e-005
  59  2.8421929e+010  2.8443693e+010 2.65e+004 0.00e+000 7.64e+003 4.89e-005
  60  2.8421431e+010  2.8443258e+010 2.67e+004 0.00e+000 7.54e+003 4.98e-005
  61  2.8421441e+010  2.8443225e+010 2.66e+004 0.00e+000 7.53e+003 4.99e-005
  62  2.8421302e+010  2.8442582e+010 2.61e+004 0.00e+000 7.35e+003 5.15e-005
  63  2.8420494e+010  2.8441907e+010 2.54e+004 0.00e+000 7.18e+003 5.32e-005
  64  2.8420498e+010  2.8441844e+010 2.52e+004 0.00e+000 7.15e+003 5.34e-005
  65  2.8420013e+010  2.8440749e+010 2.38e+004 0.00e+000 6.87e+003 5.64e-005
  66  2.8419979e+010  2.8440658e+010 2.31e+004 0.00e+000 6.84e+003 5.67e-005
  67  2.8419039e+010  2.8436531e+010 2.06e+004 0.00e+000 5.75e+003 7.17e-005
  68  2.8418318e+010  2.8434994e+010 1.76e+004 0.00e+000 5.35e+003 7.89e-005
  69  2.8418618e+010  2.8434945e+010 3.18e+005 0.00e+000 5.24e+003 8.23e-005
  70  2.8418123e+010  2.8434325e+010 3.04e+005 0.00e+000 5.08e+003 8.58e-005
  71  2.8417420e+010  2.8432646e+010 2.73e+005 0.00e+000 4.67e+003 9.64e-005
  72  2.8417361e+010  2.8432364e+010 2.70e+005 0.00e+000 4.59e+003 9.84e-005
  73  2.8416224e+010  2.8430074e+010 2.03e+005 0.00e+000 4.03e+003 1.17e-004
  74  2.8416213e+010  2.8429950e+010 2.02e+005 0.00e+000 4.00e+003 1.19e-004
  75  2.8416155e+010  2.8429437e+010 1.98e+005 0.00e+000 3.87e+003 1.24e-004
  76  2.8416036e+010  2.8429244e+010 1.91e+005 0.00e+000 3.83e+003 1.26e-004
  77  2.8415968e+010  2.8428974e+010 1.86e+005 0.00e+000 3.76e+003 1.29e-004
  78  2.8415905e+010  2.8428357e+010 1.83e+005 0.00e+000 3.62e+003 1.36e-004
  79  2.8415126e+010  2.8427612e+010 1.38e+005 0.00e+000 3.44e+003 1.45e-004
  80  2.8414651e+010  2.8426119e+010 1.08e+005 0.00e+000 3.09e+003 1.68e-004
  81  2.8414358e+010  2.8424510e+010 9.68e+004 0.00e+000 2.72e+003 2.00e-004
  82  2.8414178e+010  2.8423963e+010 8.71e+004 0.00e+000 2.59e+003 2.13e-004
  83  2.8414021e+010  2.8423650e+010 7.96e+004 0.00e+000 2.52e+003 2.21e-004
  84  2.8413325e+010  2.8417833e+010 1.14e+005 0.00e+000 1.21e+003 7.25e-004
  85  2.8413316e+010  2.8417802e+010 1.13e+005 0.00e+000 1.20e+003 7.31e-004
  86  2.8413199e+010  2.8417600e+010 1.06e+005 0.00e+000 1.16e+003 7.62e-004
  87  2.8412736e+010  2.8415863e+010 7.74e+004 0.00e+000 8.31e+002 1.22e-003
  88  2.8412545e+010  2.8415730e+010 6.54e+004 0.00e+000 8.05e+002 1.27e-003
  89  2.8412524e+010  2.8415504e+010 6.43e+004 0.00e+000 7.64e+002 1.37e-003
  90  2.8412459e+010  2.8415283e+010 6.06e+004 0.00e+000 7.23e+002 1.47e-003
  91  2.8412279e+010  2.8415257e+010 5.06e+004 0.00e+000 7.18e+002 1.48e-003
  92  2.8412027e+010  2.8413195e+010 3.67e+004 0.00e+000 3.36e+002 4.97e-003
  93  2.8412028e+010  2.8413194e+010 3.66e+004 0.00e+000 3.35e+002 4.98e-003
  94  2.8412021e+010  2.8413184e+010 3.64e+004 0.00e+000 3.34e+002 5.01e-003
  95  2.8411991e+010  2.8413127e+010 3.52e+004 0.00e+000 3.25e+002 5.20e-003
  96  2.8411877e+010  2.8413054e+010 2.98e+004 0.00e+000 3.12e+002 5.47e-003
  97  2.8411736e+010  2.8412807e+010 2.35e+004 0.00e+000 2.71e+002 6.63e-003
  98  2.8411346e+010  2.8411535e+010 7.76e+003 0.00e+000 6.23e+001 4.08e-002
  99  2.8411170e+010  2.8411175e+010 1.10e+003 0.00e+000 5.48e+000 7.50e-001
 100  2.8411143e+010  2.8411146e+010 8.71e+001 0.00e+000 8.84e-001 4.65e+000
 101  2.8411141e+010  2.8411141e+010 4.95e+000 0.00e+000 4.48e-002 9.29e+001
 102  2.8411140e+010  2.8411140e+010 2.48e-001 0.00e+000 8.42e-003 4.94e+002
Barrier time = 6.88 sec. (2753.51 ticks)
Parallel mode: opportunistic, using up to 4 threads for concurrent optimization.

Dual crossover.
  Dual:  Fixing 26663 variables.
    26662 DMoves:  Infeasibility 0.00000000e+000  Objective 2.84111404e+010
    25908 DMoves:  Infeasibility 0.00000000e+000  Objective 2.84111404e+010
    20682 DMoves:  Infeasibility 5.05151476e-015  Objective 2.84111404e+010
        0 DMoves:  Infeasibility 1.68318259e-011  Objective 2.84111404e+010
  Dual:  Pushed 25116, exchanged 1547.
  Primal:  Fixing 350 variables.
      349 PMoves:  Infeasibility 0.00000000e+000  Objective 2.84111404e+010
        0 PMoves:  Infeasibility 0.00000000e+000  Objective 2.84111404e+010
  Primal:  Pushed 66, exchanged 284.
Using devex.

Primal simplex solved model.

Total crossover time = 2.20 sec. (2696.84 ticks)

Total time on 4 threads = 9.20 sec. (5521.62 ticks)
LP status(1): optimal
Cplex Time: 9.20sec (det. 5521.84 ticks)

Optimal solution found.
Objective : 28411140381.213257

--- Scenario scen5:     Records read:    1
--- Solution statistics for scenario scen5
---   Solver Status    1 Normal Completion         
---   Model Status     1 Optimal                   
---   Objective Value  28411140381.2133
---   Resource Usage   9360
---   Total Time (ms)  9390

IBM ILOG CPLEX   24.7.4 r58773 Released Sep 19, 2016 WEI x86 64bit/MS Windows 
--- GAMS/Cplex licensed for continuous and discrete problems.
Cplex 12.6.3.0

Reading parameter(s) from "C:\Users\Lenovo\Documents\GitHub\dolores\original\Split up res\cplex.opt"
>>  lpmethod 4
>>  threads 4
>>  epgap 1e-3
>>  epagap 10
>>  parallelmode -1
Finished reading from "C:\Users\Lenovo\Documents\GitHub\dolores\original\Split up res\cplex.opt"
Reading data...
Starting Cplex...
Space for names approximately 4.89 Mb
Use option 'names no' to turn use of names off
Tried aggregator 1 time.
LP Presolve eliminated 8534 rows and 26054 columns.
Aggregator did 4110 substitutions.
Reduced LP has 66198 rows, 48684 columns, and 217424 nonzeros.
Presolve time = 0.11 sec. (68.53 ticks)
Parallel mode: using up to 4 threads for barrier.

***NOTE: Found 6 dense columns.

Number of nonzeros in lower triangle of A*A' = 202229
Using Approximate Minimum Degree ordering
Total time for automatic ordering = 0.05 sec. (19.49 ticks)
Summary statistics for Cholesky factor:
  Threads                   = 4
  Rows in Factor            = 66204
  Integer space required    = 151656
  Total non-zeros in factor = 771658
  Total FP ops to factor    = 10794342
 Itn      Primal Obj        Dual Obj  Prim Inf Upper Inf  Dual Inf Inf Ratio
   0  3.8860970e+012  0.0000000e+000 4.40e+011 0.00e+000 1.23e+010 1.00e+000
   1  6.9883446e+010  5.1648872e+010 2.14e+009 0.00e+000 8.11e+007 1.48e-009
   2  4.8979620e+010  4.7175517e+010 2.37e+008 0.00e+000 9.99e+006 4.44e-009
   3  3.8430083e+010  3.9358186e+010 9.16e+007 0.00e+000 4.92e+006 1.05e-008
   4  3.5372751e+010  3.4494128e+010 5.60e+007 0.00e+000 2.20e+006 2.56e-008
   5  3.3044443e+010  3.2220930e+010 3.43e+007 0.00e+000 1.23e+006 5.46e-008
   6  3.1472912e+010  3.1252577e+010 1.99e+007 0.00e+000 8.20e+005 9.08e-008
   7  3.0417984e+010  3.0491656e+010 1.01e+007 0.00e+000 4.96e+005 1.79e-007
   8  3.0162133e+010  3.0046543e+010 7.77e+006 0.00e+000 3.11e+005 3.19e-007
   9  3.0157649e+010  2.9998690e+010 7.71e+006 0.00e+000 2.75e+005 3.62e-007
  10  2.9841843e+010  2.9751033e+010 4.65e+006 0.00e+000 1.68e+005 7.08e-007
  11  2.9701134e+010  2.9723811e+010 3.30e+006 0.00e+000 1.57e+005 7.85e-007
  12  2.9603338e+010  2.9624136e+010 2.33e+006 0.00e+000 1.13e+005 1.25e-006
  13  2.9544367e+010  2.9528519e+010 1.77e+006 0.00e+000 7.23e+004 2.35e-006
  14  2.9503460e+010  2.9518860e+010 1.42e+006 0.00e+000 6.86e+004 2.53e-006
  15  2.9472901e+010  2.9515985e+010 1.13e+006 0.00e+000 6.74e+004 2.59e-006
  16  2.9460056e+010  2.9485907e+010 1.01e+006 0.00e+000 5.54e+004 3.38e-006
  17  2.9458125e+010  2.9478223e+010 9.95e+005 0.00e+000 5.26e+004 3.61e-006
  18  2.9452076e+010  2.9477425e+010 9.21e+005 0.00e+000 5.22e+004 3.64e-006
  19  2.9417827e+010  2.9451986e+010 6.46e+005 0.00e+000 4.28e+004 4.81e-006
  20  2.9411184e+010  2.9443129e+010 5.89e+005 0.00e+000 3.93e+004 5.38e-006
  21  2.9401202e+010  2.9433437e+010 5.09e+005 0.00e+000 3.57e+004 6.13e-006
  22  2.9399417e+010  2.9432773e+010 4.88e+005 0.00e+000 3.54e+004 6.19e-006
  23  2.9398128e+010  2.9429016e+010 4.78e+005 0.00e+000 3.40e+004 6.52e-006
  24  2.9388583e+010  2.9424051e+010 4.03e+005 0.00e+000 3.22e+004 7.04e-006
  25  2.9386435e+010  2.9420369e+010 3.86e+005 0.00e+000 3.08e+004 7.45e-006
  26  2.9386061e+010  2.9418707e+010 3.84e+005 0.00e+000 3.03e+004 7.62e-006
  27  2.9379494e+010  2.9412428e+010 3.34e+005 0.00e+000 2.80e+004 8.47e-006
  28  2.9371054e+010  2.9410499e+010 2.70e+005 0.00e+000 2.73e+004 8.80e-006
  29  2.9367529e+010  2.9401473e+010 2.43e+005 0.00e+000 2.40e+004 1.05e-005
  30  2.9367287e+010  2.9400938e+010 2.42e+005 0.00e+000 2.39e+004 1.05e-005
  31  2.9367321e+010  2.9400847e+010 2.41e+005 0.00e+000 2.38e+004 1.06e-005
  32  2.9361655e+010  2.9398781e+010 2.02e+005 0.00e+000 2.30e+004 1.11e-005
  33  2.9360129e+010  2.9397425e+010 1.90e+005 0.00e+000 2.25e+004 1.14e-005
  34  2.9358839e+010  2.9392895e+010 1.82e+005 0.00e+000 2.10e+004 1.25e-005
  35  2.9355980e+010  2.9387435e+010 1.62e+005 0.00e+000 1.91e+004 1.42e-005
  36  2.9355882e+010  2.9387035e+010 1.61e+005 0.00e+000 1.90e+004 1.43e-005
  37  2.9355998e+010  2.9387065e+010 1.61e+005 0.00e+000 1.90e+004 1.44e-005
  38  2.9354002e+010  2.9382298e+010 1.48e+005 0.00e+000 1.74e+004 1.61e-005
  39  2.9349910e+010  2.9376824e+010 1.23e+005 0.00e+000 1.55e+004 1.88e-005
  40  2.9348708e+010  2.9375761e+010 1.16e+005 0.00e+000 1.52e+004 1.94e-005
  41  2.9346850e+010  2.9374808e+010 1.01e+005 0.00e+000 1.49e+004 1.99e-005
  42  2.9346229e+010  2.9370545e+010 9.73e+004 0.00e+000 1.35e+004 2.26e-005
  43  2.9344818e+010  2.9367433e+010 9.12e+004 0.00e+000 1.25e+004 2.50e-005
  44  2.9341371e+010  2.9365342e+010 7.32e+004 0.00e+000 1.19e+004 2.70e-005
  45  2.9340544e+010  2.9363288e+010 6.76e+004 0.00e+000 1.12e+004 2.93e-005
  46  2.9336883e+010  2.9361015e+010 4.57e+004 0.00e+000 1.04e+004 3.22e-005
  47  2.9335860e+010  2.9359191e+010 3.96e+004 0.00e+000 9.78e+003 3.49e-005
  48  2.9334244e+010  2.9355706e+010 3.37e+004 0.00e+000 8.67e+003 4.11e-005
  49  2.9333900e+010  2.9355466e+010 3.13e+004 0.00e+000 8.58e+003 4.15e-005
  50  2.9333483e+010  2.9355078e+010 2.99e+004 0.00e+000 8.47e+003 4.24e-005
  51  2.9333159e+010  2.9353751e+010 2.27e+004 0.00e+000 8.02e+003 4.56e-005
  52  2.9331272e+010  2.9351099e+010 2.01e+004 0.00e+000 7.16e+003 5.30e-005
  53  2.9331364e+010  2.9350693e+010 5.27e+004 0.00e+000 6.98e+003 5.49e-005
  54  2.9331295e+010  2.9350135e+010 5.22e+004 0.00e+000 6.82e+003 5.66e-005
  55  2.9331080e+010  2.9347648e+010 4.89e+004 0.00e+000 6.06e+003 6.65e-005
  56  2.9330290e+010  2.9344777e+010 3.88e+004 0.00e+000 5.19e+003 8.19e-005
  57  2.9330014e+010  2.9343044e+010 3.65e+004 0.00e+000 4.69e+003 9.40e-005
  58  2.9329607e+010  2.9342426e+010 3.34e+004 0.00e+000 4.51e+003 9.90e-005
  59  2.9329225e+010  2.9341822e+010 3.00e+004 0.00e+000 4.34e+003 1.04e-004
  60  2.9329247e+010  2.9341782e+010 3.13e+004 0.00e+000 4.32e+003 1.05e-004
  61  2.9329189e+010  2.9341513e+010 2.92e+004 0.00e+000 4.26e+003 1.07e-004
  62  2.9328766e+010  2.9339599e+010 3.69e+004 0.00e+000 3.69e+003 1.30e-004
  63  2.9328683e+010  2.9339169e+010 4.23e+004 0.00e+000 3.57e+003 1.36e-004
  64  2.9328553e+010  2.9338153e+010 3.97e+004 0.00e+000 3.29e+003 1.51e-004
  65  2.9328427e+010  2.9337429e+010 3.71e+004 0.00e+000 3.10e+003 1.64e-004
  66  2.9328053e+010  2.9337144e+010 3.63e+004 0.00e+000 3.02e+003 1.69e-004
  67  2.9327735e+010  2.9336343e+010 3.09e+004 0.00e+000 2.80e+003 1.87e-004
  68  2.9327427e+010  2.9335677e+010 2.70e+004 0.00e+000 2.62e+003 2.05e-004
  69  2.9327135e+010  2.9334243e+010 2.33e+004 0.00e+000 2.23e+003 2.55e-004
  70  2.9327022e+010  2.9334044e+010 5.59e+004 0.00e+000 2.18e+003 2.63e-004
  71  2.9326796e+010  2.9333419e+010 4.91e+004 0.00e+000 2.02e+003 2.92e-004
  72  2.9326413e+010  2.9333009e+010 2.87e+004 0.00e+000 1.91e+003 3.14e-004
  73  2.9326354e+010  2.9332394e+010 2.50e+004 0.00e+000 1.75e+003 3.53e-004
  74  2.9326329e+010  2.9332351e+010 2.55e+004 0.00e+000 1.74e+003 3.55e-004
  75  2.9326140e+010  2.9331248e+010 1.70e+004 0.00e+000 1.45e+003 4.54e-004
  76  2.9326117e+010  2.9331164e+010 1.71e+004 0.00e+000 1.44e+003 4.62e-004
  77  2.9326090e+010  2.9330950e+010 1.50e+004 0.00e+000 1.38e+003 4.88e-004
  78  2.9326017e+010  2.9329604e+010 1.34e+004 0.00e+000 1.05e+003 7.13e-004
  79  2.9325988e+010  2.9329481e+010 1.34e+004 0.00e+000 1.02e+003 7.43e-004
  80  2.9325840e+010  2.9328795e+010 1.08e+004 0.00e+000 8.56e+002 9.39e-004
  81  2.9325742e+010  2.9328617e+010 9.33e+003 0.00e+000 8.15e+002 1.00e-003
  82  2.9325664e+010  2.9328298e+010 8.85e+003 0.00e+000 7.37e+002 1.15e-003
  83  2.9325530e+010  2.9327971e+010 6.37e+003 0.00e+000 6.64e+002 1.32e-003
  84  2.9325527e+010  2.9327888e+010 6.19e+003 0.00e+000 6.43e+002 1.38e-003
  85  2.9325390e+010  2.9327418e+010 5.19e+003 0.00e+000 5.33e+002 1.78e-003
  86  2.9325275e+010  2.9327319e+010 3.48e+003 0.00e+000 5.10e+002 1.88e-003
  87  2.9325233e+010  2.9326990e+010 3.07e+003 0.00e+000 4.34e+002 2.35e-003
  88  2.9325209e+010  2.9326846e+010 2.71e+003 0.00e+000 4.02e+002 2.60e-003
  89  2.9325175e+010  2.9326643e+010 2.32e+003 0.00e+000 3.57e+002 3.04e-003
  90  2.9325167e+010  2.9326473e+010 2.20e+003 0.00e+000 3.20e+002 3.53e-003
  91  2.9325103e+010  2.9325971e+010 1.45e+003 0.00e+000 2.11e+002 6.40e-003
  92  2.9325017e+010  2.9325171e+010 8.49e+002 0.00e+000 5.18e+001 3.00e-002
  93  2.9324943e+010  2.9324929e+010 3.02e+002 0.00e+000 5.26e+000 4.22e-001
  94  2.9324914e+010  2.9324918e+010 9.21e+001 0.00e+000 3.20e+000 7.19e-001
  95  2.9324910e+010  2.9324912e+010 6.64e+001 0.00e+000 2.03e+000 1.34e+000
  96  2.9324906e+010  2.9324904e+010 3.29e+001 0.00e+000 3.38e-001 8.93e+000
  97  2.9324903e+010  2.9324903e+010 8.21e+000 0.00e+000 1.48e-001 2.35e+001
  98  2.9324902e+010  2.9324902e+010 4.99e-001 0.00e+000 8.35e-003 4.18e+002
  99  2.9324902e+010  2.9324902e+010 2.53e-002 0.00e+000 4.20e-004 8.33e+003
Barrier time = 7.41 sec. (2743.37 ticks)
Parallel mode: opportunistic, using up to 4 threads for concurrent optimization.

Dual crossover.
  Dual:  Fixing 1238 variables.
     1237 DMoves:  Infeasibility 1.12956057e-005  Objective 2.93249023e+010
      863 DMoves:  Infeasibility 6.56799511e-006  Objective 2.93249023e+010
      487 DMoves:  Infeasibility 1.03348441e-010  Objective 2.93249023e+010
        0 DMoves:  Infeasibility 1.07211762e-010  Objective 2.93249023e+010
  Dual:  Pushed 484, exchanged 754.
  Primal:  Fixing 3073 variables.
     3072 PMoves:  Infeasibility 1.26018794e-004  Objective 2.93249023e+010
      560 PMoves:  Infeasibility 1.64548375e-011  Objective 2.93249023e+010
        0 PMoves:  Infeasibility 3.14495097e-011  Objective 2.93249023e+010
  Primal:  Pushed 1388, exchanged 1685.
Reinitializing dual norms . . .

Dual simplex solved model.

Total crossover time = 2.06 sec. (2655.63 ticks)

Total time on 4 threads = 9.59 sec. (5470.27 ticks)
LP status(1): optimal
Cplex Time: 9.59sec (det. 5470.50 ticks)

Optimal solution found.
Objective : 29324902278.857162

--- Scenario scen6:     Records read:    1
--- Solution statistics for scenario scen6
---   Solver Status    1 Normal Completion         
---   Model Status     1 Optimal                   
---   Objective Value  29324902278.8572
---   Resource Usage   9750
---   Total Time (ms)  9782

IBM ILOG CPLEX   24.7.4 r58773 Released Sep 19, 2016 WEI x86 64bit/MS Windows 
--- GAMS/Cplex licensed for continuous and discrete problems.
Cplex 12.6.3.0

Reading parameter(s) from "C:\Users\Lenovo\Documents\GitHub\dolores\original\Split up res\cplex.opt"
>>  lpmethod 4
>>  threads 4
>>  epgap 1e-3
>>  epagap 10
>>  parallelmode -1
Finished reading from "C:\Users\Lenovo\Documents\GitHub\dolores\original\Split up res\cplex.opt"
Reading data...
Starting Cplex...
Space for names approximately 4.89 Mb
Use option 'names no' to turn use of names off
Tried aggregator 1 time.
LP Presolve eliminated 8534 rows and 26054 columns.
Aggregator did 4110 substitutions.
Reduced LP has 66198 rows, 48684 columns, and 217424 nonzeros.
Presolve time = 0.13 sec. (68.53 ticks)
Parallel mode: using up to 4 threads for barrier.

***NOTE: Found 6 dense columns.

Number of nonzeros in lower triangle of A*A' = 202229
Using Approximate Minimum Degree ordering
Total time for automatic ordering = 0.08 sec. (19.49 ticks)
Summary statistics for Cholesky factor:
  Threads                   = 4
  Rows in Factor            = 66204
  Integer space required    = 151656
  Total non-zeros in factor = 771658
  Total FP ops to factor    = 10794342
 Itn      Primal Obj        Dual Obj  Prim Inf Upper Inf  Dual Inf Inf Ratio
   0  3.5328154e+012  0.0000000e+000 4.00e+011 0.00e+000 1.23e+010 1.00e+000
   1  7.2842505e+010  5.3033830e+010 2.32e+009 0.00e+000 9.55e+007 1.42e-009
   2  5.1122952e+010  4.9028970e+010 2.69e+008 0.00e+000 1.18e+007 4.13e-009
   3  4.0710017e+010  4.1281409e+010 9.94e+007 0.00e+000 5.48e+006 1.01e-008
   4  3.7399854e+010  3.6301126e+010 6.24e+007 0.00e+000 2.60e+006 2.37e-008
   5  3.4713356e+010  3.3749559e+010 3.82e+007 0.00e+000 1.46e+006 4.95e-008
   6  3.3084838e+010  3.2547824e+010 2.37e+007 0.00e+000 9.34e+005 8.62e-008
   7  3.1698770e+010  3.1874263e+010 1.15e+007 0.00e+000 6.43e+005 1.44e-007
   8  3.1129065e+010  3.1445774e+010 6.21e+006 0.00e+000 4.48e+005 2.30e-007
   9  3.0978473e+010  3.1104016e+010 4.91e+006 0.00e+000 3.00e+005 3.67e-007
  10  3.0979739e+010  3.1103514e+010 4.85e+006 0.00e+000 2.94e+005 3.76e-007
  11  3.0811557e+010  3.0796073e+010 3.32e+006 0.00e+000 1.57e+005 8.05e-007
  12  3.0682422e+010  3.0584467e+010 2.28e+006 0.00e+000 7.30e+004 2.50e-006
  13  3.0563399e+010  3.0504412e+010 1.41e+006 0.00e+000 4.56e+004 4.92e-006
  14  3.0485727e+010  3.0492477e+010 8.04e+005 0.00e+000 4.11e+004 5.65e-006
  15  3.0446200e+010  3.0459243e+010 4.63e+005 0.00e+000 2.75e+004 1.01e-005
  16  3.0427853e+010  3.0447704e+010 3.18e+005 0.00e+000 2.30e+004 1.26e-005
  17  3.0415104e+010  3.0440622e+010 2.08e+005 0.00e+000 2.02e+004 1.51e-005
  18  3.0402093e+010  3.0425382e+010 1.16e+005 0.00e+000 1.46e+004 2.17e-005
  19  3.0392999e+010  3.0418291e+010 4.93e+004 0.00e+000 1.19e+004 2.73e-005
  20  3.0391703e+010  3.0410997e+010 3.99e+004 0.00e+000 9.19e+003 3.73e-005
  21  3.0390429e+010  3.0407696e+010 2.62e+004 0.00e+000 7.87e+003 4.60e-005
  22  3.0390216e+010  3.0407079e+010 2.32e+004 0.00e+000 7.63e+003 4.80e-005
  23  3.0389567e+010  3.0404342e+010 2.05e+004 0.00e+000 6.59e+003 5.85e-005
  24  3.0389067e+010  3.0402871e+010 1.73e+004 0.00e+000 6.05e+003 6.56e-005
  25  3.0388382e+010  3.0401042e+010 1.40e+004 0.00e+000 5.39e+003 7.66e-005
  26  3.0388051e+010  3.0398251e+010 1.79e+004 0.00e+000 4.42e+003 1.01e-004
  27  3.0387267e+010  3.0396539e+010 1.32e+004 0.00e+000 3.85e+003 1.21e-004
  28  3.0386975e+010  3.0396193e+010 5.94e+004 0.00e+000 3.73e+003 1.26e-004
  29  3.0386548e+010  3.0394818e+010 6.19e+004 0.00e+000 3.29e+003 1.49e-004
  30  3.0386230e+010  3.0394461e+010 5.08e+004 0.00e+000 3.17e+003 1.57e-004
  31  3.0385901e+010  3.0393836e+010 4.96e+004 0.00e+000 2.98e+003 1.70e-004
  32  3.0385531e+010  3.0392963e+010 3.67e+004 0.00e+000 2.71e+003 1.92e-004
  33  3.0385404e+010  3.0392159e+010 3.04e+004 0.00e+000 2.45e+003 2.20e-004
  34  3.0384938e+010  3.0390494e+010 2.14e+004 0.00e+000 1.94e+003 3.04e-004
  35  3.0384824e+010  3.0387198e+010 1.92e+004 0.00e+000 9.71e+002 8.91e-004
  36  3.0384484e+010  3.0386479e+010 1.55e+004 0.00e+000 7.96e+002 1.17e-003
  37  3.0384145e+010  3.0385583e+010 1.13e+004 0.00e+000 5.77e+002 1.83e-003
  38  3.0383464e+010  3.0383620e+010 3.88e+003 0.00e+000 1.17e+002 2.05e-002
  39  3.0383123e+010  3.0383163e+010 5.29e+002 0.00e+000 1.99e+001 1.24e-001
  40  3.0383073e+010  3.0383075e+010 3.52e+001 0.00e+000 1.13e+000 2.39e+000
  41  3.0383070e+010  3.0383070e+010 1.77e+000 0.00e+000 5.64e-002 4.78e+001
  42  3.0383070e+010  3.0383070e+010 8.85e-002 0.00e+000 3.95e-003 6.83e+002
  43  3.0383070e+010  3.0383070e+010 3.84e-003 0.00e+000 2.54e-004 1.06e+004
Barrier time = 3.33 sec. (1223.52 ticks)
Parallel mode: opportunistic, using up to 4 threads for concurrent optimization.

Dual crossover.
  Dual:  Fixing 1653 variables.
     1652 DMoves:  Infeasibility 3.46099913e-003  Objective 3.03830698e+010
     1228 DMoves:  Infeasibility 3.08674881e-003  Objective 3.03830698e+010
      757 DMoves:  Infeasibility 3.46284065e-007  Objective 3.03830698e+010
        0 DMoves:  Infeasibility 9.38569329e-012  Objective 3.03830698e+010
  Dual:  Pushed 706, exchanged 947.
  Primal:  Fixing 4127 variables.
     4126 PMoves:  Infeasibility 7.65301714e-006  Objective 3.03830698e+010
      639 PMoves:  Infeasibility 1.87842331e-010  Objective 3.03830698e+010
        0 PMoves:  Infeasibility 1.91450112e-010  Objective 3.03830698e+010
  Primal:  Pushed 2396, exchanged 1731.
Reinitializing dual norms . . .

Dual simplex solved model.

Total crossover time = 2.13 sec. (2283.60 ticks)

Total time on 4 threads = 5.58 sec. (3578.40 ticks)
LP status(1): optimal
Cplex Time: 5.59sec (det. 3578.62 ticks)

Optimal solution found.
Objective : 30383069835.099846

--- Scenario scen7:     Records read:    1
--- Solution statistics for scenario scen7
---   Solver Status    1 Normal Completion         
---   Model Status     1 Optimal                   
---   Objective Value  30383069835.0998
---   Resource Usage   5766
---   Total Time (ms)  5797

IBM ILOG CPLEX   24.7.4 r58773 Released Sep 19, 2016 WEI x86 64bit/MS Windows 
--- GAMS/Cplex licensed for continuous and discrete problems.
Cplex 12.6.3.0

Reading parameter(s) from "C:\Users\Lenovo\Documents\GitHub\dolores\original\Split up res\cplex.opt"
>>  lpmethod 4
>>  threads 4
>>  epgap 1e-3
>>  epagap 10
>>  parallelmode -1
Finished reading from "C:\Users\Lenovo\Documents\GitHub\dolores\original\Split up res\cplex.opt"
Reading data...
Starting Cplex...
Space for names approximately 4.89 Mb
Use option 'names no' to turn use of names off
Tried aggregator 1 time.
LP Presolve eliminated 8534 rows and 26054 columns.
Aggregator did 4110 substitutions.
Reduced LP has 66198 rows, 48684 columns, and 217424 nonzeros.
Presolve time = 0.17 sec. (68.53 ticks)
Parallel mode: using up to 4 threads for barrier.

***NOTE: Found 6 dense columns.

Number of nonzeros in lower triangle of A*A' = 202229
Using Approximate Minimum Degree ordering
Total time for automatic ordering = 0.09 sec. (19.49 ticks)
Summary statistics for Cholesky factor:
  Threads                   = 4
  Rows in Factor            = 66204
  Integer space required    = 151656
  Total non-zeros in factor = 771658
  Total FP ops to factor    = 10794342
 Itn      Primal Obj        Dual Obj  Prim Inf Upper Inf  Dual Inf Inf Ratio
   0  3.1795339e+012  0.0000000e+000 3.60e+011 0.00e+000 1.23e+010 1.00e+000
   1  7.5136489e+010  5.4428558e+010 2.43e+009 0.00e+000 1.13e+008 1.36e-009
   2  5.3506921e+010  5.1114897e+010 3.00e+008 0.00e+000 1.43e+007 4.10e-009
   3  4.3189021e+010  4.3456450e+010 1.07e+008 0.00e+000 6.33e+006 1.06e-008
   4  3.9731141e+010  3.8783818e+010 6.83e+007 0.00e+000 3.30e+006 2.24e-008
   5  3.6979857e+010  3.6104204e+010 4.40e+007 0.00e+000 2.00e+006 4.27e-008
   6  3.4452793e+010  3.4562712e+010 2.21e+007 0.00e+000 1.27e+006 7.64e-008
   7  3.3114536e+010  3.3897836e+010 1.02e+007 0.00e+000 9.41e+005 1.16e-007
   8  3.2583155e+010  3.3435000e+010 5.31e+006 0.00e+000 7.11e+005 1.69e-007
   9  3.2254577e+010  3.2831680e+010 3.00e+006 0.00e+000 4.45e+005 2.97e-007
  10  3.2102338e+010  3.2543195e+010 1.91e+006 0.00e+000 3.16e+005 4.67e-007
  11  3.2098849e+010  3.2471336e+010 1.85e+006 0.00e+000 2.75e+005 5.60e-007
  12  3.1899103e+010  3.2097891e+010 8.64e+005 0.00e+000 1.37e+005 1.26e-006
  13  3.1858533e+010  3.1899107e+010 6.52e+005 0.00e+000 6.26e+004 4.50e-006
  14  3.1809749e+010  3.1800321e+010 4.75e+005 0.00e+000 3.45e+004 1.10e-005
  15  3.1743793e+010  3.1739039e+010 2.46e+005 0.00e+000 1.79e+004 2.49e-005
  16  3.1722958e+010  3.1710484e+010 1.72e+005 0.00e+000 9.99e+003 5.23e-005
  17  3.1710283e+010  3.1691550e+010 1.28e+005 0.00e+000 4.89e+003 1.43e-004
  18  3.1689481e+010  3.1683417e+010 5.30e+004 0.00e+000 2.50e+003 3.01e-004
  19  3.1682360e+010  3.1679241e+010 2.65e+004 0.00e+000 1.21e+003 7.68e-004
  20  3.1678716e+010  3.1677861e+010 1.15e+004 0.00e+000 7.33e+002 1.43e-003
  21  3.1676737e+010  3.1677032e+010 3.01e+003 0.00e+000 4.04e+002 2.71e-003
  22  3.1676389e+010  3.1676596e+010 1.52e+003 0.00e+000 2.27e+002 4.97e-003
  23  3.1676061e+010  3.1676093e+010 1.87e+002 0.00e+000 3.03e+001 4.08e-002
  24  3.1676013e+010  3.1676015e+010 1.04e+001 0.00e+000 1.88e+000 6.79e-001
  25  3.1676010e+010  3.1676010e+010 5.23e-001 0.00e+000 9.65e-002 1.32e+001
  26  3.1676010e+010  3.1676010e+010 2.63e-002 0.00e+000 5.57e-003 2.30e+002
  27  3.1676010e+010  3.1676010e+010 1.27e-003 0.00e+000 3.00e-004 4.27e+003
Barrier time = 2.30 sec. (807.04 ticks)
Parallel mode: opportunistic, using up to 4 threads for concurrent optimization.

Dual crossover.
  Dual:  Fixing 1467 variables.
     1466 DMoves:  Infeasibility 1.24590485e-003  Objective 3.16760100e+010
     1195 DMoves:  Infeasibility 4.28168479e-004  Objective 3.16760100e+010
      593 DMoves:  Infeasibility 3.76748680e-007  Objective 3.16760100e+010
        0 DMoves:  Infeasibility 3.15957331e-011  Objective 3.16760100e+010
  Dual:  Pushed 368, exchanged 1099.
  Primal:  Fixing 4307 variables.
     4306 PMoves:  Infeasibility 6.46185799e-006  Objective 3.16760100e+010
      646 PMoves:  Infeasibility 1.13118404e-010  Objective 3.16760100e+010
        0 PMoves:  Infeasibility 1.14674492e-010  Objective 3.16760100e+010
  Primal:  Pushed 2568, exchanged 1739.
Using devex.

Primal simplex solved model.

Total crossover time = 2.98 sec. (2852.80 ticks)

Total time on 4 threads = 5.45 sec. (3731.12 ticks)
LP status(1): optimal
Cplex Time: 5.45sec (det. 3731.35 ticks)

Optimal solution found.
Objective : 31676009981.071243

--- Scenario scen8:     Records read:    1
--- Solution statistics for scenario scen8
---   Solver Status    1 Normal Completion         
---   Model Status     1 Optimal                   
---   Objective Value  31676009981.0712
---   Resource Usage   5610
---   Total Time (ms)  5640

IBM ILOG CPLEX   24.7.4 r58773 Released Sep 19, 2016 WEI x86 64bit/MS Windows 
--- GAMS/Cplex licensed for continuous and discrete problems.
Cplex 12.6.3.0

Reading parameter(s) from "C:\Users\Lenovo\Documents\GitHub\dolores\original\Split up res\cplex.opt"
>>  lpmethod 4
>>  threads 4
>>  epgap 1e-3
>>  epagap 10
>>  parallelmode -1
Finished reading from "C:\Users\Lenovo\Documents\GitHub\dolores\original\Split up res\cplex.opt"
Reading data...
Starting Cplex...
Space for names approximately 4.89 Mb
Use option 'names no' to turn use of names off
Tried aggregator 1 time.
LP Presolve eliminated 8534 rows and 26054 columns.
Aggregator did 4110 substitutions.
Reduced LP has 66198 rows, 48684 columns, and 217424 nonzeros.
Presolve time = 0.13 sec. (68.53 ticks)
Parallel mode: using up to 4 threads for barrier.

***NOTE: Found 6 dense columns.

Number of nonzeros in lower triangle of A*A' = 202229
Using Approximate Minimum Degree ordering
Total time for automatic ordering = 0.05 sec. (19.49 ticks)
Summary statistics for Cholesky factor:
  Threads                   = 4
  Rows in Factor            = 66204
  Integer space required    = 151656
  Total non-zeros in factor = 771658
  Total FP ops to factor    = 10794342
 Itn      Primal Obj        Dual Obj  Prim Inf Upper Inf  Dual Inf Inf Ratio
   0  2.8262523e+012  0.0000000e+000 3.20e+011 0.00e+000 1.23e+010 1.00e+000
   1  7.7176035e+010  5.5997269e+010 2.48e+009 0.00e+000 1.36e+008 1.30e-009
   2  5.6269213e+010  5.3574665e+010 3.31e+008 0.00e+000 1.82e+007 4.22e-009
   3  4.6010563e+010  4.6409349e+010 1.08e+008 0.00e+000 7.82e+006 1.12e-008
   4  4.2650637e+010  4.1738137e+010 7.01e+007 0.00e+000 4.15e+006 2.30e-008
   5  3.9286685e+010  3.8810049e+010 4.26e+007 0.00e+000 2.57e+006 4.30e-008
   6  3.6649050e+010  3.7573122e+010 2.21e+007 0.00e+000 1.93e+006 6.40e-008
   7  3.5448479e+010  3.6766094e+010 1.21e+007 0.00e+000 1.50e+006 9.06e-008
   8  3.4487187e+010  3.6007212e+010 5.04e+006 0.00e+000 1.11e+006 1.33e-007
   9  3.4123787e+010  3.5520825e+010 2.75e+006 0.00e+000 8.81e+005 1.79e-007
  10  3.3811668e+010  3.4768655e+010 1.52e+006 0.00e+000 5.65e+005 2.94e-007
  11  3.3721969e+010  3.4485063e+010 7.90e+005 0.00e+000 4.25e+005 4.37e-007
  12  3.3563641e+010  3.4215555e+010 2.82e+005 0.00e+000 3.11e+005 6.61e-007
  13  3.3503879e+010  3.4085758e+010 1.16e+005 0.00e+000 2.58e+005 8.56e-007
  14  3.3451462e+010  3.3860202e+010 8.15e+004 0.00e+000 1.81e+005 1.26e-006
  15  3.3379596e+010  3.3662874e+010 4.18e+004 0.00e+000 1.17e+005 2.08e-006
  16  3.3351437e+010  3.3552131e+010 2.10e+004 0.00e+000 7.88e+004 3.59e-006
  17  3.3332794e+010  3.3497694e+010 1.32e+004 0.00e+000 6.17e+004 5.04e-006
  18  3.3324501e+010  3.3446910e+010 1.05e+004 0.00e+000 4.66e+004 7.50e-006
  19  3.3303112e+010  3.3404175e+010 6.07e+003 0.00e+000 3.50e+004 1.09e-005
  20  3.3291541e+010  3.3389392e+010 3.66e+003 0.00e+000 3.10e+004 1.29e-005
  21  3.3272428e+010  3.3365931e+010 9.25e+002 0.00e+000 2.51e+004 1.66e-005
  22  3.3272472e+010  3.3359076e+010 8.38e+002 0.00e+000 2.33e+004 1.84e-005
  23  3.3271698e+010  3.3344717e+010 6.56e+002 0.00e+000 1.95e+004 2.36e-005
  24  3.3269518e+010  3.3331039e+010 4.08e+003 0.00e+000 1.60e+004 3.08e-005
  25  3.3267877e+010  3.3316271e+010 2.52e+003 0.00e+000 1.24e+004 4.35e-005
  26  3.3264484e+010  3.3291066e+010 1.86e+003 0.00e+000 6.52e+003 1.17e-004
  27  3.3263223e+010  3.3286243e+010 6.83e+003 0.00e+000 5.53e+003 1.46e-004
  28  3.3262610e+010  3.3285065e+010 6.08e+003 0.00e+000 5.30e+003 1.54e-004
  29  3.3262494e+010  3.3284694e+010 5.15e+003 0.00e+000 5.23e+003 1.57e-004
  30  3.3260733e+010  3.3278200e+010 3.94e+003 0.00e+000 3.94e+003 2.33e-004
  31  3.3260018e+010  3.3277009e+010 1.84e+004 0.00e+000 3.71e+003 2.52e-004
  32  3.3259544e+010  3.3265623e+010 1.02e+004 0.00e+000 1.50e+003 1.15e-003
  33  3.3259018e+010  3.3262898e+010 7.46e+003 0.00e+000 1.06e+003 1.84e-003
  34  3.3258721e+010  3.3262562e+010 5.75e+003 0.00e+000 1.01e+003 1.97e-003
  35  3.3258069e+010  3.3261608e+010 5.59e+003 0.00e+000 8.56e+002 2.43e-003
  36  3.3257994e+010  3.3261330e+010 3.56e+003 0.00e+000 8.10e+002 2.61e-003
  37  3.3257906e+010  3.3261193e+010 3.80e+003 0.00e+000 7.89e+002 2.70e-003
  38  3.3257150e+010  3.3260685e+010 3.22e+003 0.00e+000 7.08e+002 3.10e-003
  39  3.3257055e+010  3.3259683e+010 2.93e+003 0.00e+000 5.44e+002 4.40e-003
  40  3.3256485e+010  3.3258412e+010 1.25e+003 0.00e+000 3.41e+002 8.39e-003
  41  3.3256466e+010  3.3257496e+010 1.13e+003 0.00e+000 1.94e+002 1.85e-002
  42  3.3256191e+010  3.3256725e+010 1.43e+002 0.00e+000 8.18e+001 4.60e-002
  43  3.3256159e+010  3.3256197e+010 1.05e+001 0.00e+000 5.80e+000 6.51e-001
  44  3.3256157e+010  3.3256159e+010 5.29e-001 0.00e+000 2.91e-001 1.30e+001
  45  3.3256157e+010  3.3256157e+010 2.73e-002 0.00e+000 1.89e-002 2.00e+002
  46  3.3256157e+010  3.3256157e+010 1.63e-003 0.00e+000 1.13e-003 3.36e+003
Barrier time = 3.03 sec. (1303.03 ticks)
Parallel mode: opportunistic, using up to 4 threads for concurrent optimization.

Dual crossover.
  Dual:  Fixing 1596 variables.
     1595 DMoves:  Infeasibility 3.03363685e-004  Objective 3.32561571e+010
     1290 DMoves:  Infeasibility 1.62911532e-004  Objective 3.32561571e+010
      721 DMoves:  Infeasibility 2.23399117e-005  Objective 3.32561571e+010
        0 DMoves:  Infeasibility 1.76895253e-012  Objective 3.32561571e+010
  Dual:  Pushed 372, exchanged 1224.
  Primal:  Fixing 5005 variables.
     5004 PMoves:  Infeasibility 4.73880209e-006  Objective 3.32561571e+010
      711 PMoves:  Infeasibility 5.18411980e-011  Objective 3.32561571e+010
        0 PMoves:  Infeasibility 5.44559953e-011  Objective 3.32561571e+010
  Primal:  Pushed 3126, exchanged 1879.
Reinitializing dual norms . . .

Dual simplex solved model.

Total crossover time = 1.88 sec. (2272.83 ticks)

Total time on 4 threads = 5.05 sec. (3647.13 ticks)
LP status(1): optimal
Cplex Time: 5.05sec (det. 3647.36 ticks)

Optimal solution found.
Objective : 33256157070.672783

--- Scenario scen9:     Records read:    1
--- Solution statistics for scenario scen9
---   Solver Status    1 Normal Completion         
---   Model Status     1 Optimal                   
---   Objective Value  33256157070.6728
---   Resource Usage   5187
---   Total Time (ms)  5219

IBM ILOG CPLEX   24.7.4 r58773 Released Sep 19, 2016 WEI x86 64bit/MS Windows 
--- GAMS/Cplex licensed for continuous and discrete problems.
Cplex 12.6.3.0

Reading parameter(s) from "C:\Users\Lenovo\Documents\GitHub\dolores\original\Split up res\cplex.opt"
>>  lpmethod 4
>>  threads 4
>>  epgap 1e-3
>>  epagap 10
>>  parallelmode -1
Finished reading from "C:\Users\Lenovo\Documents\GitHub\dolores\original\Split up res\cplex.opt"
Reading data...
Starting Cplex...
Space for names approximately 4.89 Mb
Use option 'names no' to turn use of names off
Tried aggregator 1 time.
LP Presolve eliminated 8534 rows and 26054 columns.
Aggregator did 4110 substitutions.
Reduced LP has 66198 rows, 48684 columns, and 217424 nonzeros.
Presolve time = 0.11 sec. (68.53 ticks)
Parallel mode: using up to 4 threads for barrier.

***NOTE: Found 6 dense columns.

Number of nonzeros in lower triangle of A*A' = 202229
Using Approximate Minimum Degree ordering
Total time for automatic ordering = 0.08 sec. (19.49 ticks)
Summary statistics for Cholesky factor:
  Threads                   = 4
  Rows in Factor            = 66204
  Integer space required    = 151656
  Total non-zeros in factor = 771658
  Total FP ops to factor    = 10794342
 Itn      Primal Obj        Dual Obj  Prim Inf Upper Inf  Dual Inf Inf Ratio
   0  2.4729708e+012  0.0000000e+000 2.80e+011 0.00e+000 1.23e+010 1.00e+000
   1  7.9395180e+010  5.7914330e+010 2.51e+009 0.00e+000 1.69e+008 1.23e-009
   2  5.9496169e+010  5.6518457e+010 3.65e+008 0.00e+000 2.74e+007 4.18e-009
   3  5.0572957e+010  5.1247894e+010 1.11e+008 0.00e+000 1.27e+007 1.02e-008
   4  4.6846584e+010  4.5895620e+010 6.72e+007 0.00e+000 6.03e+006 2.40e-008
   5  4.2772078e+010  4.2839563e+010 3.76e+007 0.00e+000 3.81e+006 4.24e-008
   6  4.0663249e+010  4.0881283e+010 2.49e+007 0.00e+000 2.63e+006 6.80e-008
   7  3.8491114e+010  4.0040331e+010 1.32e+007 0.00e+000 2.17e+006 8.90e-008
   8  3.7118438e+010  3.9173562e+010 5.52e+006 0.00e+000 1.69e+006 1.24e-007
   9  3.6547507e+010  3.8507302e+010 2.09e+006 0.00e+000 1.31e+006 1.77e-007
  10  3.6064350e+010  3.7522626e+010 1.18e+006 0.00e+000 8.92e+005 2.67e-007
  11  3.5943952e+010  3.7206442e+010 4.88e+005 0.00e+000 7.22e+005 3.56e-007
  12  3.5755329e+010  3.6775046e+010 1.97e+005 0.00e+000 5.25e+005 5.38e-007
  13  3.5728481e+010  3.6552641e+010 1.65e+005 0.00e+000 4.26e+005 7.16e-007
  14  3.5563712e+010  3.6490245e+010 4.98e+004 0.00e+000 4.01e+005 7.86e-007
  15  3.5459530e+010  3.6230031e+010 2.51e+004 0.00e+000 3.09e+005 1.05e-006
  16  3.5454639e+010  3.6116815e+010 1.29e+004 0.00e+000 2.65e+005 1.29e-006
  17  3.5433528e+010  3.6079238e+010 7.90e+003 0.00e+000 2.51e+005 1.40e-006
  18  3.5367441e+010  3.5892186e+010 2.92e+003 0.00e+000 1.88e+005 1.97e-006
  19  3.5358249e+010  3.5851324e+010 1.69e+003 0.00e+000 1.74e+005 2.17e-006
  20  3.5347347e+010  3.5789271e+010 9.51e+002 0.00e+000 1.53e+005 2.57e-006
  21  3.5339813e+010  3.5684930e+010 7.50e+002 0.00e+000 1.20e+005 3.62e-006
  22  3.5315317e+010  3.5542442e+010 4.59e+002 0.00e+000 7.80e+004 6.76e-006
  23  3.5306714e+010  3.5527756e+010 4.01e+002 0.00e+000 7.43e+004 7.21e-006
  24  3.5302862e+010  3.5498016e+010 3.78e+002 0.00e+000 6.64e+004 8.41e-006
  25  3.5282594e+010  3.5457750e+010 2.63e+002 0.00e+000 5.63e+004 1.05e-005
  26  3.5275373e+010  3.5449929e+010 2.31e+002 0.00e+000 5.44e+004 1.11e-005
  27  3.5269157e+010  3.5442760e+010 1.99e+002 0.00e+000 5.27e+004 1.15e-005
  28  3.5254353e+010  3.5409036e+010 1.37e+002 0.00e+000 4.44e+004 1.45e-005
  29  3.5244769e+010  3.5378063e+010 1.23e+002 0.00e+000 3.70e+004 1.85e-005
  30  3.5235477e+010  3.5373685e+010 1.06e+002 0.00e+000 3.60e+004 1.91e-005
  31  3.5232869e+010  3.5363298e+010 1.05e+002 0.00e+000 3.36e+004 2.10e-005
  32  3.5224373e+010  3.5336026e+010 5.34e+001 0.00e+000 2.74e+004 2.79e-005
  33  3.5223663e+010  3.5324316e+010 4.89e+001 0.00e+000 2.48e+004 3.19e-005
  34  3.5219684e+010  3.5273071e+010 3.63e+001 0.00e+000 1.38e+004 7.60e-005
  35  3.5210726e+010  3.5225903e+010 2.88e+002 0.00e+000 5.44e+003 2.01e-004
  36  3.5198468e+010  3.5200092e+010 7.82e+002 0.00e+000 9.15e+002 2.30e-003
  37  3.5195600e+010  3.5197669e+010 5.24e+002 0.00e+000 5.20e+002 4.77e-003
  38  3.5195529e+010  3.5197480e+010 1.87e+003 0.00e+000 4.85e+002 5.21e-003
  39  3.5195476e+010  3.5197149e+010 1.45e+003 0.00e+000 4.27e+002 6.05e-003
  40  3.5195068e+010  3.5196207e+010 5.82e+002 0.00e+000 2.68e+002 1.01e-002
  41  3.5194890e+010  3.5196002e+010 3.76e+002 0.00e+000 2.32e+002 1.21e-002
  42  3.5194847e+010  3.5195647e+010 2.69e+002 0.00e+000 1.68e+002 1.84e-002
  43  3.5194754e+010  3.5194943e+010 4.02e+002 0.00e+000 5.69e+001 5.61e-002
  44  3.5194608e+010  3.5194778e+010 6.42e+001 0.00e+000 3.09e+001 1.05e-001
  45  3.5194605e+010  3.5194721e+010 4.73e+001 0.00e+000 2.11e+001 1.73e-001
  46  3.5194585e+010  3.5194603e+010 8.99e+000 0.00e+000 2.99e+000 1.54e+000
  47  3.5194582e+010  3.5194583e+010 4.55e-001 0.00e+000 1.65e-001 2.80e+001
  48  3.5194581e+010  3.5194582e+010 3.13e-001 0.00e+000 8.45e-003 5.46e+002
  49  3.5194581e+010  3.5194581e+010 1.95e+000 0.00e+000 1.27e-003 3.62e+003
Barrier time = 3.56 sec. (1379.13 ticks)
Parallel mode: opportunistic, using up to 4 threads for concurrent optimization.

Dual crossover.
  Dual:  Fixing 1760 variables.
     1759 DMoves:  Infeasibility 5.24971270e-004  Objective 3.51945814e+010
     1584 DMoves:  Infeasibility 5.14406454e-004  Objective 3.51945815e+010
      587 DMoves:  Infeasibility 3.32129242e-005  Objective 3.51945815e+010
        0 DMoves:  Infeasibility 1.73564345e-012  Objective 3.51945815e+010
  Dual:  Pushed 286, exchanged 1474.
  Primal:  Fixi